{"/home/travis/build/npmtest/node-npmtest-angular-in-memory-web-api/test.js":{"path":"/home/travis/build/npmtest/node-npmtest-angular-in-memory-web-api/test.js","s":{"1":2,"2":2,"3":2,"4":2,"5":2,"6":2,"7":2,"8":1,"9":2,"10":2,"11":1,"12":1,"13":1,"14":1,"15":2,"16":2,"17":2,"18":2,"19":1,"20":1,"21":2,"22":2,"23":2,"24":1,"25":1,"26":1,"27":1,"28":1,"29":1,"30":1,"31":1,"32":1,"33":1,"34":1,"35":1,"36":1,"37":1,"38":1,"39":2,"40":2,"41":1,"42":2,"43":2,"44":1,"45":2,"46":2,"47":1,"48":2,"49":2,"50":1,"51":1,"52":1,"53":1,"54":1},"b":{"1":[2,1,1,1],"2":[1,1,1,1],"3":[1,1],"4":[1,1],"5":[1,1],"6":[1,1],"7":[1,1],"8":[1,1],"9":[1,1],"10":[1,1,1],"11":[1,1],"12":[1,1],"13":[1,1],"14":[1,1],"15":[1,1],"16":[1,1],"17":[1,1]},"f":{"1":2,"2":2,"3":2,"4":2,"5":2,"6":1,"7":1,"8":1,"9":2,"10":2,"11":2,"12":2,"13":1},"fnMap":{"1":{"name":"(anonymous_1)","line":12,"loc":{"start":{"line":12,"column":1},"end":{"line":12,"column":13}}},"2":{"name":"(anonymous_2)","line":19,"loc":{"start":{"line":19,"column":5},"end":{"line":19,"column":17}}},"3":{"name":"(anonymous_3)","line":23,"loc":{"start":{"line":23,"column":24},"end":{"line":23,"column":36}}},"4":{"name":"(anonymous_4)","line":61,"loc":{"start":{"line":61,"column":5},"end":{"line":61,"column":17}}},"5":{"name":"(anonymous_5)","line":82,"loc":{"start":{"line":82,"column":5},"end":{"line":82,"column":17}}},"6":{"name":"(anonymous_6)","line":91,"loc":{"start":{"line":91,"column":77},"end":{"line":94,"column":10}}},"7":{"name":"(anonymous_7)","line":112,"loc":{"start":{"line":112,"column":83},"end":{"line":115,"column":10}},"skip":true},"8":{"name":"(anonymous_8)","line":123,"loc":{"start":{"line":123,"column":77},"end":{"line":126,"column":10}},"skip":true},"9":{"name":"(anonymous_9)","line":139,"loc":{"start":{"line":139,"column":12},"end":{"line":139,"column":40}},"skip":true},"10":{"name":"(anonymous_10)","line":147,"loc":{"start":{"line":147,"column":77},"end":{"line":150,"column":10}},"skip":true},"11":{"name":"(anonymous_11)","line":158,"loc":{"start":{"line":158,"column":83},"end":{"line":161,"column":10}},"skip":true},"12":{"name":"(anonymous_12)","line":169,"loc":{"start":{"line":169,"column":79},"end":{"line":172,"column":10}},"skip":true},"13":{"name":"(anonymous_13)","line":180,"loc":{"start":{"line":180,"column":75},"end":{"line":183,"column":10}},"skip":true}},"statementMap":{"1":{"start":{"line":12,"column":0},"end":{"line":195,"column":5}},"2":{"start":{"line":14,"column":4},"end":{"line":14,"column":14}},"3":{"start":{"line":19,"column":4},"end":{"line":56,"column":9}},"4":{"start":{"line":21,"column":8},"end":{"line":21,"column":19}},"5":{"start":{"line":23,"column":8},"end":{"line":35,"column":13}},"6":{"start":{"line":24,"column":12},"end":{"line":34,"column":13}},"7":{"start":{"line":25,"column":16},"end":{"line":28,"column":30}},"8":{"start":{"line":30,"column":16},"end":{"line":33,"column":27}},"9":{"start":{"line":37,"column":8},"end":{"line":39,"column":21}},"10":{"start":{"line":40,"column":8},"end":{"line":53,"column":9}},"11":{"start":{"line":43,"column":12},"end":{"line":46,"column":14}},"12":{"start":{"line":47,"column":12},"end":{"line":47,"column":18}},"13":{"start":{"line":50,"column":12},"end":{"line":51,"column":33}},"14":{"start":{"line":52,"column":12},"end":{"line":52,"column":18}},"15":{"start":{"line":55,"column":8},"end":{"line":55,"column":35}},"16":{"start":{"line":61,"column":4},"end":{"line":63,"column":9}},"17":{"start":{"line":62,"column":8},"end":{"line":62,"column":15}},"18":{"start":{"line":64,"column":4},"end":{"line":77,"column":5}},"19":{"start":{"line":70,"column":8},"end":{"line":70,"column":14}},"20":{"start":{"line":76,"column":8},"end":{"line":76,"column":14}},"21":{"start":{"line":82,"column":4},"end":{"line":84,"column":9}},"22":{"start":{"line":83,"column":8},"end":{"line":83,"column":15}},"23":{"start":{"line":85,"column":4},"end":{"line":194,"column":5}},"24":{"start":{"line":91,"column":8},"end":{"line":99,"column":10}},"25":{"start":{"line":98,"column":12},"end":{"line":98,"column":35}},"26":{"start":{"line":102,"column":8},"end":{"line":104,"column":63}},"27":{"start":{"line":105,"column":8},"end":{"line":105,"column":14}},"28":{"start":{"line":112,"column":8},"end":{"line":121,"column":10},"skip":true},"29":{"start":{"line":119,"column":12},"end":{"line":119,"column":55},"skip":true},"30":{"start":{"line":120,"column":12},"end":{"line":120,"column":48},"skip":true},"31":{"start":{"line":123,"column":8},"end":{"line":136,"column":10},"skip":true},"32":{"start":{"line":130,"column":12},"end":{"line":130,"column":76},"skip":true},"33":{"start":{"line":131,"column":12},"end":{"line":131,"column":73},"skip":true},"34":{"start":{"line":132,"column":12},"end":{"line":132,"column":74},"skip":true},"35":{"start":{"line":133,"column":12},"end":{"line":133,"column":79},"skip":true},"36":{"start":{"line":134,"column":12},"end":{"line":134,"column":25},"skip":true},"37":{"start":{"line":135,"column":12},"end":{"line":135,"column":45},"skip":true},"38":{"start":{"line":138,"column":8},"end":{"line":145,"column":14},"skip":true},"39":{"start":{"line":143,"column":16},"end":{"line":143,"column":29},"skip":true},"40":{"start":{"line":144,"column":16},"end":{"line":144,"column":55},"skip":true},"41":{"start":{"line":147,"column":8},"end":{"line":156,"column":10},"skip":true},"42":{"start":{"line":154,"column":12},"end":{"line":154,"column":25},"skip":true},"43":{"start":{"line":155,"column":12},"end":{"line":155,"column":45},"skip":true},"44":{"start":{"line":158,"column":8},"end":{"line":167,"column":10},"skip":true},"45":{"start":{"line":165,"column":12},"end":{"line":165,"column":25},"skip":true},"46":{"start":{"line":166,"column":12},"end":{"line":166,"column":48},"skip":true},"47":{"start":{"line":169,"column":8},"end":{"line":178,"column":10},"skip":true},"48":{"start":{"line":176,"column":12},"end":{"line":176,"column":25},"skip":true},"49":{"start":{"line":177,"column":12},"end":{"line":177,"column":46},"skip":true},"50":{"start":{"line":180,"column":8},"end":{"line":189,"column":10},"skip":true},"51":{"start":{"line":187,"column":12},"end":{"line":187,"column":94},"skip":true},"52":{"start":{"line":188,"column":12},"end":{"line":188,"column":48},"skip":true},"53":{"start":{"line":192,"column":8},"end":{"line":192,"column":35},"skip":true},"54":{"start":{"line":193,"column":8},"end":{"line":193,"column":14},"skip":true}},"branchMap":{"1":{"line":25,"type":"binary-expr","locations":[{"start":{"line":25,"column":23},"end":{"line":25,"column":62}},{"start":{"line":26,"column":20},"end":{"line":26,"column":70}},{"start":{"line":27,"column":20},"end":{"line":27,"column":71}},{"start":{"line":28,"column":20},"end":{"line":28,"column":29}}]},"2":{"line":30,"type":"binary-expr","locations":[{"start":{"line":30,"column":23},"end":{"line":30,"column":37}},{"start":{"line":31,"column":20},"end":{"line":31,"column":61}},{"start":{"line":32,"column":20},"end":{"line":32,"column":70}},{"start":{"line":33,"column":20},"end":{"line":33,"column":26}}]},"3":{"line":37,"type":"cond-expr","locations":[{"start":{"line":38,"column":14},"end":{"line":38,"column":20}},{"start":{"line":39,"column":14},"end":{"line":39,"column":20}}]},"4":{"line":40,"type":"switch","locations":[{"start":{"line":42,"column":8},"end":{"line":47,"column":18}},{"start":{"line":49,"column":8},"end":{"line":52,"column":18}}]},"5":{"line":44,"type":"binary-expr","locations":[{"start":{"line":44,"column":16},"end":{"line":44,"column":44}},{"start":{"line":44,"column":48},"end":{"line":44,"column":66}}]},"6":{"line":50,"type":"binary-expr","locations":[{"start":{"line":50,"column":21},"end":{"line":50,"column":49}},{"start":{"line":50,"column":53},"end":{"line":50,"column":72}}]},"7":{"line":64,"type":"switch","locations":[{"start":{"line":69,"column":4},"end":{"line":70,"column":14}},{"start":{"line":75,"column":4},"end":{"line":76,"column":14}}]},"8":{"line":85,"type":"switch","locations":[{"start":{"line":90,"column":4},"end":{"line":105,"column":14}},{"start":{"line":111,"column":4},"end":{"line":193,"column":14},"skip":true}]},"9":{"line":91,"type":"binary-expr","locations":[{"start":{"line":91,"column":42},"end":{"line":91,"column":73}},{"start":{"line":91,"column":77},"end":{"line":99,"column":9}}]},"10":{"line":102,"type":"binary-expr","locations":[{"start":{"line":102,"column":18},"end":{"line":102,"column":32}},{"start":{"line":103,"column":12},"end":{"line":103,"column":53}},{"start":{"line":104,"column":12},"end":{"line":104,"column":61}}]},"11":{"line":112,"type":"binary-expr","locations":[{"start":{"line":112,"column":45},"end":{"line":112,"column":79},"skip":true},{"start":{"line":112,"column":83},"end":{"line":121,"column":9},"skip":true}]},"12":{"line":123,"type":"binary-expr","locations":[{"start":{"line":123,"column":42},"end":{"line":123,"column":73},"skip":true},{"start":{"line":123,"column":77},"end":{"line":136,"column":9},"skip":true}]},"13":{"line":138,"type":"binary-expr","locations":[{"start":{"line":138,"column":48},"end":{"line":138,"column":85},"skip":true},{"start":{"line":139,"column":12},"end":{"line":145,"column":13},"skip":true}]},"14":{"line":147,"type":"binary-expr","locations":[{"start":{"line":147,"column":42},"end":{"line":147,"column":73},"skip":true},{"start":{"line":147,"column":77},"end":{"line":156,"column":9},"skip":true}]},"15":{"line":158,"type":"binary-expr","locations":[{"start":{"line":158,"column":45},"end":{"line":158,"column":79},"skip":true},{"start":{"line":158,"column":83},"end":{"line":167,"column":9},"skip":true}]},"16":{"line":169,"type":"binary-expr","locations":[{"start":{"line":169,"column":43},"end":{"line":169,"column":75},"skip":true},{"start":{"line":169,"column":79},"end":{"line":178,"column":9},"skip":true}]},"17":{"line":180,"type":"binary-expr","locations":[{"start":{"line":180,"column":41},"end":{"line":180,"column":71},"skip":true},{"start":{"line":180,"column":75},"end":{"line":189,"column":9},"skip":true}]}},"code":["/* istanbul instrument in package npmtest_angular_in_memory_web_api */","/*jslint","    bitwise: true,","    browser: true,","    maxerr: 8,","    maxlen: 96,","    node: true,","    nomen: true,","    regexp: true,","    stupid: true","*/","(function () {","    'use strict';","    var local;","","","","    // run shared js-env code - pre-init","    (function () {","        // init local","        local = {};","        // init modeJs","        local.modeJs = (function () {","            try {","                return typeof navigator.userAgent === 'string' &&","                    typeof document.querySelector('body') === 'object' &&","                    typeof XMLHttpRequest.prototype.open === 'function' &&","                    'browser';","            } catch (errorCaughtBrowser) {","                return module.exports &&","                    typeof process.versions.node === 'string' &&","                    typeof require('http').createServer === 'function' &&","                    'node';","            }","        }());","        // init global","        local.global = local.modeJs === 'browser'","            ? window","            : global;","        switch (local.modeJs) {","        // re-init local from window.local","        case 'browser':","            local = local.global.utility2.objectSetDefault(","                local.global.utility2_rollup || local.global.local,","                local.global.utility2","            );","            break;","        // re-init local from example.js","        case 'node':","            local = (local.global.utility2_rollup || require('utility2'))","                .requireReadme();","            break;","        }","        // export local","        local.global.local = local;","    }());","","","","    // run shared js-env code - function","    (function () {","        return;","    }());","    switch (local.modeJs) {","","","","    // run browser js-env code - function","    case 'browser':","        break;","","","","    // run node js-env code - function","    case 'node':","        break;","    }","","","","    // run shared js-env code - post-init","    (function () {","        return;","    }());","    switch (local.modeJs) {","","","","    // run browser js-env code - post-init","    case 'browser':","        local.testCase_browser_nullCase = local.testCase_browser_nullCase || function (","            options,","            onError","        ) {","        /*","         * this function will test browsers's null-case handling-behavior-behavior","         */","            onError(null, options);","        };","","        // run tests","        local.nop(local.modeTest &&","            document.querySelector('#testRunButton1') &&","            document.querySelector('#testRunButton1').click());","        break;","","","","    // run node js-env code - post-init","    /* istanbul ignore next */","    case 'node':","        local.testCase_buildApidoc_default = local.testCase_buildApidoc_default || function (","            options,","            onError","        ) {","        /*","         * this function will test buildApidoc's default handling-behavior-behavior","         */","            options = { modulePathList: module.paths };","            local.buildApidoc(options, onError);","        };","","        local.testCase_buildApp_default = local.testCase_buildApp_default || function (","            options,","            onError","        ) {","        /*","         * this function will test buildApp's default handling-behavior-behavior","         */","            local.testCase_buildReadme_default(options, local.onErrorThrow);","            local.testCase_buildLib_default(options, local.onErrorThrow);","            local.testCase_buildTest_default(options, local.onErrorThrow);","            local.testCase_buildCustomOrg_default(options, local.onErrorThrow);","            options = [];","            local.buildApp(options, onError);","        };","","        local.testCase_buildCustomOrg_default = local.testCase_buildCustomOrg_default ||","            function (options, onError) {","            /*","             * this function will test buildCustomOrg's default handling-behavior","             */","                options = {};","                local.buildCustomOrg(options, onError);","            };","","        local.testCase_buildLib_default = local.testCase_buildLib_default || function (","            options,","            onError","        ) {","        /*","         * this function will test buildLib's default handling-behavior","         */","            options = {};","            local.buildLib(options, onError);","        };","","        local.testCase_buildReadme_default = local.testCase_buildReadme_default || function (","            options,","            onError","        ) {","        /*","         * this function will test buildReadme's default handling-behavior-behavior","         */","            options = {};","            local.buildReadme(options, onError);","        };","","        local.testCase_buildTest_default = local.testCase_buildTest_default || function (","            options,","            onError","        ) {","        /*","         * this function will test buildTest's default handling-behavior","         */","            options = {};","            local.buildTest(options, onError);","        };","","        local.testCase_webpage_default = local.testCase_webpage_default || function (","            options,","            onError","        ) {","        /*","         * this function will test webpage's default handling-behavior","         */","            options = { modeCoverageMerge: true, url: local.serverLocalHost + '?modeTest=1' };","            local.browserTest(options, onError);","        };","","        // run test-server","        local.testRunServer(local);","        break;","    }","}());",""],"l":{"12":2,"14":2,"19":2,"21":2,"23":2,"24":2,"25":2,"30":1,"37":2,"40":2,"43":1,"47":1,"50":1,"52":1,"55":2,"61":2,"62":2,"64":2,"70":1,"76":1,"82":2,"83":2,"85":2,"91":1,"98":1,"102":1,"105":1,"112":1,"119":1,"120":1,"123":1,"130":1,"131":1,"132":1,"133":1,"134":1,"135":1,"138":1,"143":2,"144":2,"147":1,"154":2,"155":2,"158":1,"165":2,"166":2,"169":1,"176":2,"177":2,"180":1,"187":1,"188":1,"192":1,"193":1}},"/home/travis/build/npmtest/node-npmtest-angular-in-memory-web-api/lib.npmtest_angular_in_memory_web_api.js":{"path":"/home/travis/build/npmtest/node-npmtest-angular-in-memory-web-api/lib.npmtest_angular_in_memory_web_api.js","s":{"1":2,"2":2,"3":2,"4":2,"5":2,"6":2,"7":2,"8":1,"9":2,"10":2,"11":2,"12":2,"13":1,"14":1,"15":1,"16":1},"b":{"1":[2,1,1,1],"2":[1,1,1,1],"3":[1,1],"4":[2,2],"5":[1,1]},"f":{"1":2,"2":2,"3":2},"fnMap":{"1":{"name":"(anonymous_1)","line":12,"loc":{"start":{"line":12,"column":1},"end":{"line":12,"column":13}}},"2":{"name":"(anonymous_2)","line":19,"loc":{"start":{"line":19,"column":5},"end":{"line":19,"column":17}}},"3":{"name":"(anonymous_3)","line":23,"loc":{"start":{"line":23,"column":24},"end":{"line":23,"column":36}}}},"statementMap":{"1":{"start":{"line":12,"column":0},"end":{"line":53,"column":5}},"2":{"start":{"line":14,"column":4},"end":{"line":14,"column":14}},"3":{"start":{"line":19,"column":4},"end":{"line":52,"column":9}},"4":{"start":{"line":21,"column":8},"end":{"line":21,"column":19}},"5":{"start":{"line":23,"column":8},"end":{"line":35,"column":13}},"6":{"start":{"line":24,"column":12},"end":{"line":34,"column":13}},"7":{"start":{"line":25,"column":16},"end":{"line":28,"column":30}},"8":{"start":{"line":30,"column":16},"end":{"line":33,"column":27}},"9":{"start":{"line":37,"column":8},"end":{"line":39,"column":21}},"10":{"start":{"line":41,"column":8},"end":{"line":41,"column":54}},"11":{"start":{"line":43,"column":8},"end":{"line":43,"column":70}},"12":{"start":{"line":45,"column":8},"end":{"line":51,"column":9}},"13":{"start":{"line":46,"column":12},"end":{"line":46,"column":76}},"14":{"start":{"line":48,"column":12},"end":{"line":48,"column":35}},"15":{"start":{"line":49,"column":12},"end":{"line":49,"column":49}},"16":{"start":{"line":50,"column":12},"end":{"line":50,"column":43}}},"branchMap":{"1":{"line":25,"type":"binary-expr","locations":[{"start":{"line":25,"column":23},"end":{"line":25,"column":62}},{"start":{"line":26,"column":20},"end":{"line":26,"column":70}},{"start":{"line":27,"column":20},"end":{"line":27,"column":71}},{"start":{"line":28,"column":20},"end":{"line":28,"column":29}}]},"2":{"line":30,"type":"binary-expr","locations":[{"start":{"line":30,"column":23},"end":{"line":30,"column":37}},{"start":{"line":31,"column":20},"end":{"line":31,"column":61}},{"start":{"line":32,"column":20},"end":{"line":32,"column":70}},{"start":{"line":33,"column":20},"end":{"line":33,"column":26}}]},"3":{"line":37,"type":"cond-expr","locations":[{"start":{"line":38,"column":14},"end":{"line":38,"column":20}},{"start":{"line":39,"column":14},"end":{"line":39,"column":20}}]},"4":{"line":41,"type":"binary-expr","locations":[{"start":{"line":41,"column":16},"end":{"line":41,"column":44}},{"start":{"line":41,"column":48},"end":{"line":41,"column":53}}]},"5":{"line":45,"type":"if","locations":[{"start":{"line":45,"column":8},"end":{"line":45,"column":8}},{"start":{"line":45,"column":8},"end":{"line":45,"column":8}}]}},"code":["/* istanbul instrument in package npmtest_angular_in_memory_web_api */","/*jslint","    bitwise: true,","    browser: true,","    maxerr: 8,","    maxlen: 96,","    node: true,","    nomen: true,","    regexp: true,","    stupid: true","*/","(function () {","    'use strict';","    var local;","","","","    // run shared js-env code - pre-init","    (function () {","        // init local","        local = {};","        // init modeJs","        local.modeJs = (function () {","            try {","                return typeof navigator.userAgent === 'string' &&","                    typeof document.querySelector('body') === 'object' &&","                    typeof XMLHttpRequest.prototype.open === 'function' &&","                    'browser';","            } catch (errorCaughtBrowser) {","                return module.exports &&","                    typeof process.versions.node === 'string' &&","                    typeof require('http').createServer === 'function' &&","                    'node';","            }","        }());","        // init global","        local.global = local.modeJs === 'browser'","            ? window","            : global;","        // init utility2_rollup","        local = local.global.utility2_rollup || local;","        // init lib","        local.local = local.npmtest_angular_in_memory_web_api = local;","        // init exports","        if (local.modeJs === 'browser') {","            local.global.utility2_npmtest_angular_in_memory_web_api = local;","        } else {","            module.exports = local;","            module.exports.__dirname = __dirname;","            module.exports.module = module;","        }","    }());","}());",""],"l":{"12":2,"14":2,"19":2,"21":2,"23":2,"24":2,"25":2,"30":1,"37":2,"41":2,"43":2,"45":2,"46":1,"48":1,"49":1,"50":1}},"/home/travis/build/npmtest/node-npmtest-angular-in-memory-web-api/example.js":{"path":"/home/travis/build/npmtest/node-npmtest-angular-in-memory-web-api/example.js","s":{"1":2,"2":2,"3":2,"4":2,"5":2,"6":2,"7":2,"8":1,"9":2,"10":2,"11":2,"12":2,"13":1,"14":2,"15":2,"16":2,"17":2,"18":2,"19":0,"20":2,"21":1,"22":1,"23":1,"24":1,"25":1,"26":0,"27":0,"28":1,"29":1,"30":2,"31":0,"32":0,"33":0,"34":1,"35":2,"36":2,"37":3,"38":3,"39":3,"40":3,"41":0,"42":3,"43":3,"44":3,"45":1,"46":3,"47":1,"48":1,"49":1,"50":1,"51":1,"52":1,"53":1,"54":1,"55":1,"56":1,"57":0,"58":1,"59":6,"60":6,"61":1,"62":2,"63":0,"64":2,"65":1,"66":1,"67":0,"68":0,"69":0,"70":0,"71":0,"72":0,"73":0,"74":0,"75":0,"76":0,"77":0,"78":0,"79":0,"80":0,"81":0,"82":0,"83":0},"b":{"1":[2,1,1,1],"2":[1,1,1,1],"3":[1,1],"4":[2,2],"5":[1,1],"6":[1,1],"7":[2,0],"8":[2,1,1,1,1,1],"9":[0,2,0],"10":[1,1],"11":[2,1,1],"12":[1,0],"13":[0,2],"14":[2,0,0,0,0,0,0],"15":[0,3],"16":[3,0],"17":[1,1],"18":[0,1],"19":[1,2,0,2],"20":[1,0],"21":[1,1],"22":[0,0],"23":[0,0],"24":[0,0],"25":[0,0],"26":[0,0],"27":[0,0],"28":[0,0]},"f":{"1":2,"2":2,"3":2,"4":2,"5":2,"6":2,"7":3,"8":3,"9":3,"10":1,"11":6,"12":0},"fnMap":{"1":{"name":"(anonymous_1)","line":26,"loc":{"start":{"line":26,"column":1},"end":{"line":26,"column":13}}},"2":{"name":"(anonymous_2)","line":33,"loc":{"start":{"line":33,"column":5},"end":{"line":33,"column":17}}},"3":{"name":"(anonymous_3)","line":37,"loc":{"start":{"line":37,"column":24},"end":{"line":37,"column":36}}},"4":{"name":"(anonymous_4)","line":69,"loc":{"start":{"line":69,"column":31},"end":{"line":69,"column":48}},"skip":true},"5":{"name":"(anonymous_5)","line":78,"loc":{"start":{"line":78,"column":26},"end":{"line":78,"column":45}},"skip":true},"6":{"name":"(anonymous_6)","line":123,"loc":{"start":{"line":123,"column":33},"end":{"line":123,"column":48}},"skip":true},"7":{"name":"(anonymous_7)","line":125,"loc":{"start":{"line":125,"column":27},"end":{"line":125,"column":39}},"skip":true},"8":{"name":"(anonymous_8)","line":133,"loc":{"start":{"line":133,"column":59},"end":{"line":133,"column":74}},"skip":true},"9":{"name":"(anonymous_9)","line":143,"loc":{"start":{"line":143,"column":45},"end":{"line":143,"column":62}},"skip":true},"10":{"name":"(anonymous_10)","line":144,"loc":{"start":{"line":144,"column":73},"end":{"line":144,"column":92}},"skip":true},"11":{"name":"(anonymous_11)","line":272,"loc":{"start":{"line":272,"column":51},"end":{"line":272,"column":77}},"skip":true},"12":{"name":"(anonymous_12)","line":315,"loc":{"start":{"line":315,"column":32},"end":{"line":315,"column":61}},"skip":true}},"statementMap":{"1":{"start":{"line":26,"column":0},"end":{"line":326,"column":5}},"2":{"start":{"line":28,"column":4},"end":{"line":28,"column":14}},"3":{"start":{"line":33,"column":4},"end":{"line":60,"column":9}},"4":{"start":{"line":35,"column":8},"end":{"line":35,"column":19}},"5":{"start":{"line":37,"column":8},"end":{"line":49,"column":13}},"6":{"start":{"line":38,"column":12},"end":{"line":48,"column":13}},"7":{"start":{"line":39,"column":16},"end":{"line":42,"column":30}},"8":{"start":{"line":44,"column":16},"end":{"line":47,"column":27}},"9":{"start":{"line":51,"column":8},"end":{"line":53,"column":21}},"10":{"start":{"line":55,"column":8},"end":{"line":57,"column":45}},"11":{"start":{"line":59,"column":8},"end":{"line":59,"column":35}},"12":{"start":{"line":61,"column":4},"end":{"line":325,"column":5}},"13":{"start":{"line":69,"column":8},"end":{"line":121,"column":10},"skip":true},"14":{"start":{"line":70,"column":12},"end":{"line":88,"column":13},"skip":true},"15":{"start":{"line":76,"column":16},"end":{"line":87,"column":19},"skip":true},"16":{"start":{"line":79,"column":20},"end":{"line":86,"column":21},"skip":true},"17":{"start":{"line":82,"column":24},"end":{"line":82,"column":43},"skip":true},"18":{"start":{"line":83,"column":24},"end":{"line":83,"column":30},"skip":true},"19":{"start":{"line":85,"column":24},"end":{"line":85,"column":49},"skip":true},"20":{"start":{"line":89,"column":12},"end":{"line":107,"column":13},"skip":true},"21":{"start":{"line":92,"column":16},"end":{"line":102,"column":17},"skip":true},"22":{"start":{"line":93,"column":20},"end":{"line":93,"column":86},"skip":true},"23":{"start":{"line":94,"column":20},"end":{"line":95,"column":45},"skip":true},"24":{"start":{"line":96,"column":20},"end":{"line":96,"column":42},"skip":true},"25":{"start":{"line":97,"column":20},"end":{"line":97,"column":48},"skip":true},"26":{"start":{"line":100,"column":20},"end":{"line":100,"column":85},"skip":true},"27":{"start":{"line":101,"column":20},"end":{"line":101,"column":96},"skip":true},"28":{"start":{"line":103,"column":16},"end":{"line":103,"column":22},"skip":true},"29":{"start":{"line":106,"column":16},"end":{"line":106,"column":22},"skip":true},"30":{"start":{"line":108,"column":12},"end":{"line":120,"column":13},"skip":true},"31":{"start":{"line":114,"column":16},"end":{"line":119,"column":17},"skip":true},"32":{"start":{"line":116,"column":20},"end":{"line":116,"column":78},"skip":true},"33":{"start":{"line":118,"column":20},"end":{"line":118,"column":47},"skip":true},"34":{"start":{"line":123,"column":8},"end":{"line":141,"column":11},"skip":true},"35":{"start":{"line":124,"column":12},"end":{"line":124,"column":54},"skip":true},"36":{"start":{"line":125,"column":12},"end":{"line":140,"column":14},"skip":true},"37":{"start":{"line":126,"column":16},"end":{"line":126,"column":28},"skip":true},"38":{"start":{"line":127,"column":16},"end":{"line":127,"column":69},"skip":true},"39":{"start":{"line":128,"column":16},"end":{"line":128,"column":75},"skip":true},"40":{"start":{"line":129,"column":16},"end":{"line":131,"column":17},"skip":true},"41":{"start":{"line":130,"column":20},"end":{"line":130,"column":27},"skip":true},"42":{"start":{"line":133,"column":16},"end":{"line":137,"column":36},"skip":true},"43":{"start":{"line":134,"column":20},"end":{"line":136,"column":55},"skip":true},"44":{"start":{"line":139,"column":16},"end":{"line":139,"column":57},"skip":true},"45":{"start":{"line":143,"column":8},"end":{"line":147,"column":11},"skip":true},"46":{"start":{"line":144,"column":12},"end":{"line":146,"column":15},"skip":true},"47":{"start":{"line":145,"column":16},"end":{"line":145,"column":70},"skip":true},"48":{"start":{"line":149,"column":8},"end":{"line":149,"column":31},"skip":true},"49":{"start":{"line":150,"column":8},"end":{"line":150,"column":14},"skip":true},"50":{"start":{"line":158,"column":8},"end":{"line":158,"column":31},"skip":true},"51":{"start":{"line":160,"column":8},"end":{"line":160,"column":33},"skip":true},"52":{"start":{"line":161,"column":8},"end":{"line":161,"column":37},"skip":true},"53":{"start":{"line":162,"column":8},"end":{"line":162,"column":35},"skip":true},"54":{"start":{"line":164,"column":8},"end":{"line":164,"column":50},"skip":true},"55":{"start":{"line":166,"column":8},"end":{"line":256,"column":2},"skip":true},"56":{"start":{"line":258,"column":8},"end":{"line":286,"column":9},"skip":true},"57":{"start":{"line":259,"column":12},"end":{"line":269,"column":14},"skip":true},"58":{"start":{"line":271,"column":12},"end":{"line":285,"column":19},"skip":true},"59":{"start":{"line":274,"column":20},"end":{"line":274,"column":35},"skip":true},"60":{"start":{"line":275,"column":20},"end":{"line":284,"column":21},"skip":true},"61":{"start":{"line":277,"column":24},"end":{"line":277,"column":64},"skip":true},"62":{"start":{"line":279,"column":24},"end":{"line":279,"column":40},"skip":true},"63":{"start":{"line":281,"column":24},"end":{"line":281,"column":40},"skip":true},"64":{"start":{"line":283,"column":24},"end":{"line":283,"column":39},"skip":true},"65":{"start":{"line":288,"column":8},"end":{"line":290,"column":9},"skip":true},"66":{"start":{"line":289,"column":12},"end":{"line":289,"column":18},"skip":true},"67":{"start":{"line":291,"column":8},"end":{"line":293,"column":54},"skip":true},"68":{"start":{"line":296,"column":8},"end":{"line":301,"column":37},"skip":true},"69":{"start":{"line":303,"column":8},"end":{"line":303,"column":82},"skip":true},"70":{"start":{"line":306,"column":8},"end":{"line":308,"column":9},"skip":true},"71":{"start":{"line":307,"column":12},"end":{"line":307,"column":82},"skip":true},"72":{"start":{"line":310,"column":8},"end":{"line":312,"column":9},"skip":true},"73":{"start":{"line":311,"column":12},"end":{"line":311,"column":18},"skip":true},"74":{"start":{"line":313,"column":8},"end":{"line":313,"column":54},"skip":true},"75":{"start":{"line":314,"column":8},"end":{"line":314,"column":69},"skip":true},"76":{"start":{"line":315,"column":8},"end":{"line":323,"column":36},"skip":true},"77":{"start":{"line":316,"column":12},"end":{"line":316,"column":61},"skip":true},"78":{"start":{"line":317,"column":12},"end":{"line":320,"column":13},"skip":true},"79":{"start":{"line":318,"column":16},"end":{"line":318,"column":75},"skip":true},"80":{"start":{"line":319,"column":16},"end":{"line":319,"column":23},"skip":true},"81":{"start":{"line":321,"column":12},"end":{"line":321,"column":38},"skip":true},"82":{"start":{"line":322,"column":12},"end":{"line":322,"column":27},"skip":true},"83":{"start":{"line":324,"column":8},"end":{"line":324,"column":14},"skip":true}},"branchMap":{"1":{"line":39,"type":"binary-expr","locations":[{"start":{"line":39,"column":23},"end":{"line":39,"column":62}},{"start":{"line":40,"column":20},"end":{"line":40,"column":70}},{"start":{"line":41,"column":20},"end":{"line":41,"column":71}},{"start":{"line":42,"column":20},"end":{"line":42,"column":29}}]},"2":{"line":44,"type":"binary-expr","locations":[{"start":{"line":44,"column":23},"end":{"line":44,"column":37}},{"start":{"line":45,"column":20},"end":{"line":45,"column":61}},{"start":{"line":46,"column":20},"end":{"line":46,"column":70}},{"start":{"line":47,"column":20},"end":{"line":47,"column":26}}]},"3":{"line":51,"type":"cond-expr","locations":[{"start":{"line":52,"column":14},"end":{"line":52,"column":20}},{"start":{"line":53,"column":14},"end":{"line":53,"column":20}}]},"4":{"line":55,"type":"binary-expr","locations":[{"start":{"line":55,"column":16},"end":{"line":55,"column":44}},{"start":{"line":55,"column":49},"end":{"line":57,"column":43}}]},"5":{"line":55,"type":"cond-expr","locations":[{"start":{"line":56,"column":14},"end":{"line":56,"column":69}},{"start":{"line":57,"column":14},"end":{"line":57,"column":43}}]},"6":{"line":61,"type":"switch","locations":[{"start":{"line":68,"column":4},"end":{"line":150,"column":14},"skip":true},{"start":{"line":156,"column":4},"end":{"line":324,"column":14},"skip":true}]},"7":{"line":70,"type":"if","locations":[{"start":{"line":70,"column":12},"end":{"line":70,"column":12},"skip":true},{"start":{"line":70,"column":12},"end":{"line":70,"column":12},"skip":true}]},"8":{"line":70,"type":"binary-expr","locations":[{"start":{"line":70,"column":16},"end":{"line":70,"column":22},"skip":true},{"start":{"line":70,"column":27},"end":{"line":70,"column":32},"skip":true},{"start":{"line":71,"column":20},"end":{"line":71,"column":39},"skip":true},{"start":{"line":72,"column":20},"end":{"line":72,"column":49},"skip":true},{"start":{"line":73,"column":20},"end":{"line":73,"column":58},"skip":true},{"start":{"line":74,"column":20},"end":{"line":74,"column":69},"skip":true}]},"9":{"line":79,"type":"switch","locations":[{"start":{"line":80,"column":20},"end":{"line":80,"column":33},"skip":true},{"start":{"line":81,"column":20},"end":{"line":83,"column":30},"skip":true},{"start":{"line":84,"column":20},"end":{"line":85,"column":49},"skip":true}]},"10":{"line":89,"type":"switch","locations":[{"start":{"line":90,"column":12},"end":{"line":103,"column":22},"skip":true},{"start":{"line":105,"column":12},"end":{"line":106,"column":22},"skip":true}]},"11":{"line":89,"type":"binary-expr","locations":[{"start":{"line":89,"column":20},"end":{"line":89,"column":25},"skip":true},{"start":{"line":89,"column":29},"end":{"line":89,"column":48},"skip":true},{"start":{"line":89,"column":52},"end":{"line":89,"column":74},"skip":true}]},"12":{"line":92,"type":"if","locations":[{"start":{"line":92,"column":16},"end":{"line":92,"column":16},"skip":true},{"start":{"line":92,"column":16},"end":{"line":92,"column":16},"skip":true}]},"13":{"line":108,"type":"if","locations":[{"start":{"line":108,"column":12},"end":{"line":108,"column":12},"skip":true},{"start":{"line":108,"column":12},"end":{"line":108,"column":12},"skip":true}]},"14":{"line":108,"type":"binary-expr","locations":[{"start":{"line":108,"column":16},"end":{"line":108,"column":61},"skip":true},{"start":{"line":108,"column":66},"end":{"line":108,"column":72},"skip":true},{"start":{"line":108,"column":77},"end":{"line":108,"column":82},"skip":true},{"start":{"line":109,"column":20},"end":{"line":109,"column":39},"skip":true},{"start":{"line":110,"column":20},"end":{"line":110,"column":49},"skip":true},{"start":{"line":111,"column":20},"end":{"line":111,"column":58},"skip":true},{"start":{"line":112,"column":20},"end":{"line":112,"column":68},"skip":true}]},"15":{"line":129,"type":"if","locations":[{"start":{"line":129,"column":16},"end":{"line":129,"column":16},"skip":true},{"start":{"line":129,"column":16},"end":{"line":129,"column":16},"skip":true}]},"16":{"line":134,"type":"cond-expr","locations":[{"start":{"line":135,"column":26},"end":{"line":135,"column":29},"skip":true},{"start":{"line":136,"column":26},"end":{"line":136,"column":54},"skip":true}]},"17":{"line":164,"type":"binary-expr","locations":[{"start":{"line":164,"column":27},"end":{"line":164,"column":43},"skip":true},{"start":{"line":164,"column":47},"end":{"line":164,"column":49},"skip":true}]},"18":{"line":258,"type":"if","locations":[{"start":{"line":258,"column":8},"end":{"line":258,"column":8},"skip":true},{"start":{"line":258,"column":8},"end":{"line":258,"column":8},"skip":true}]},"19":{"line":275,"type":"switch","locations":[{"start":{"line":276,"column":20},"end":{"line":277,"column":64},"skip":true},{"start":{"line":278,"column":20},"end":{"line":279,"column":40},"skip":true},{"start":{"line":280,"column":20},"end":{"line":281,"column":40},"skip":true},{"start":{"line":282,"column":20},"end":{"line":283,"column":39},"skip":true}]},"20":{"line":288,"type":"if","locations":[{"start":{"line":288,"column":8},"end":{"line":288,"column":8},"skip":true},{"start":{"line":288,"column":8},"end":{"line":288,"column":8},"skip":true}]},"21":{"line":288,"type":"binary-expr","locations":[{"start":{"line":288,"column":12},"end":{"line":288,"column":40},"skip":true},{"start":{"line":288,"column":44},"end":{"line":288,"column":67},"skip":true}]},"22":{"line":292,"type":"binary-expr","locations":[{"start":{"line":292,"column":12},"end":{"line":292,"column":50},"skip":true},{"start":{"line":293,"column":12},"end":{"line":293,"column":53},"skip":true}]},"23":{"line":297,"type":"binary-expr","locations":[{"start":{"line":297,"column":12},"end":{"line":297,"column":83},"skip":true},{"start":{"line":298,"column":12},"end":{"line":301,"column":36},"skip":true}]},"24":{"line":303,"type":"binary-expr","locations":[{"start":{"line":303,"column":43},"end":{"line":303,"column":75},"skip":true},{"start":{"line":303,"column":79},"end":{"line":303,"column":81},"skip":true}]},"25":{"line":306,"type":"if","locations":[{"start":{"line":306,"column":8},"end":{"line":306,"column":8},"skip":true},{"start":{"line":306,"column":8},"end":{"line":306,"column":8},"skip":true}]},"26":{"line":310,"type":"if","locations":[{"start":{"line":310,"column":8},"end":{"line":310,"column":8},"skip":true},{"start":{"line":310,"column":8},"end":{"line":310,"column":8},"skip":true}]},"27":{"line":313,"type":"binary-expr","locations":[{"start":{"line":313,"column":27},"end":{"line":313,"column":43},"skip":true},{"start":{"line":313,"column":47},"end":{"line":313,"column":53},"skip":true}]},"28":{"line":317,"type":"if","locations":[{"start":{"line":317,"column":12},"end":{"line":317,"column":12},"skip":true},{"start":{"line":317,"column":12},"end":{"line":317,"column":12},"skip":true}]}},"code":["/*","example.js","","quickstart example","","instruction","    1. save this script as example.js","    2. run the shell command:","        $ npm install npmtest-angular-in-memory-web-api && PORT=8081 node example.js","    3. play with the browser-demo on http://127.0.0.1:8081","*/","","","","/* istanbul instrument in package npmtest_angular_in_memory_web_api */","/*jslint","    bitwise: true,","    browser: true,","    maxerr: 8,","    maxlen: 96,","    node: true,","    nomen: true,","    regexp: true,","    stupid: true","*/","(function () {","    'use strict';","    var local;","","","","    // run shared js-env code - pre-init","    (function () {","        // init local","        local = {};","        // init modeJs","        local.modeJs = (function () {","            try {","                return typeof navigator.userAgent === 'string' &&","                    typeof document.querySelector('body') === 'object' &&","                    typeof XMLHttpRequest.prototype.open === 'function' &&","                    'browser';","            } catch (errorCaughtBrowser) {","                return module.exports &&","                    typeof process.versions.node === 'string' &&","                    typeof require('http').createServer === 'function' &&","                    'node';","            }","        }());","        // init global","        local.global = local.modeJs === 'browser'","            ? window","            : global;","        // init utility2_rollup","        local = local.global.utility2_rollup || (local.modeJs === 'browser'","            ? local.global.utility2_npmtest_angular_in_memory_web_api","            : global.utility2_moduleExports);","        // export local","        local.global.local = local;","    }());","    switch (local.modeJs) {","","","","    // post-init","    // run browser js-env code - post-init","    /* istanbul ignore next */","    case 'browser':","        local.testRunBrowser = function (event) {","            if (!event || (event &&","                    event.currentTarget &&","                    event.currentTarget.className &&","                    event.currentTarget.className.includes &&","                    event.currentTarget.className.includes('onreset'))) {","                // reset output","                Array.from(","                    document.querySelectorAll('body > .resettable')","                ).forEach(function (element) {","                    switch (element.tagName) {","                    case 'INPUT':","                    case 'TEXTAREA':","                        element.value = '';","                        break;","                    default:","                        element.textContent = '';","                    }","                });","            }","            switch (event && event.currentTarget && event.currentTarget.id) {","            case 'testRunButton1':","                // show tests","                if (document.querySelector('#testReportDiv1').style.display === 'none') {","                    document.querySelector('#testReportDiv1').style.display = 'block';","                    document.querySelector('#testRunButton1').textContent =","                        'hide internal test';","                    local.modeTest = true;","                    local.testRunDefault(local);","                // hide tests","                } else {","                    document.querySelector('#testReportDiv1').style.display = 'none';","                    document.querySelector('#testRunButton1').textContent = 'run internal test';","                }","                break;","            // custom-case","            default:","                break;","            }","            if (document.querySelector('#inputTextareaEval1') && (!event || (event &&","                    event.currentTarget &&","                    event.currentTarget.className &&","                    event.currentTarget.className.includes &&","                    event.currentTarget.className.includes('oneval')))) {","                // try to eval input-code","                try {","                    /*jslint evil: true*/","                    eval(document.querySelector('#inputTextareaEval1').value);","                } catch (errorCaught) {","                    console.error(errorCaught);","                }","            }","        };","        // log stderr and stdout to #outputTextareaStdout1","        ['error', 'log'].forEach(function (key) {","            console[key + '_original'] = console[key];","            console[key] = function () {","                var element;","                console[key + '_original'].apply(console, arguments);","                element = document.querySelector('#outputTextareaStdout1');","                if (!element) {","                    return;","                }","                // append text to #outputTextareaStdout1","                element.value += Array.from(arguments).map(function (arg) {","                    return typeof arg === 'string'","                        ? arg","                        : JSON.stringify(arg, null, 4);","                }).join(' ') + '\\n';","                // scroll textarea to bottom","                element.scrollTop = element.scrollHeight;","            };","        });","        // init event-handling","        ['change', 'click', 'keyup'].forEach(function (event) {","            Array.from(document.querySelectorAll('.on' + event)).forEach(function (element) {","                element.addEventListener(event, local.testRunBrowser);","            });","        });","        // run tests","        local.testRunBrowser();","        break;","","","","    // run node js-env code - post-init","    /* istanbul ignore next */","    case 'node':","        // export local","        module.exports = local;","        // require modules","        local.fs = require('fs');","        local.http = require('http');","        local.url = require('url');","        // init assets","        local.assetsDict = local.assetsDict || {};","        /* jslint-ignore-begin */","        local.assetsDict['/assets.index.template.html'] = '\\","<!doctype html>\\n\\","<html lang=\"en\">\\n\\","<head>\\n\\","<meta charset=\"UTF-8\">\\n\\","<meta name=\"viewport\" content=\"width=device-width, initial-scale=1\">\\n\\","<title>{{env.npm_package_name}} (v{{env.npm_package_version}})</title>\\n\\","<style>\\n\\","/*csslint\\n\\","    box-sizing: false,\\n\\","    universal-selector: false\\n\\","*/\\n\\","* {\\n\\","    box-sizing: border-box;\\n\\","}\\n\\","body {\\n\\","    background: #dde;\\n\\","    font-family: Arial, Helvetica, sans-serif;\\n\\","    margin: 2rem;\\n\\","}\\n\\","body > * {\\n\\","    margin-bottom: 1rem;\\n\\","}\\n\\",".utility2FooterDiv {\\n\\","    margin-top: 20px;\\n\\","    text-align: center;\\n\\","}\\n\\","</style>\\n\\","<style>\\n\\","/*csslint\\n\\","*/\\n\\","textarea {\\n\\","    font-family: monospace;\\n\\","    height: 10rem;\\n\\","    width: 100%;\\n\\","}\\n\\","textarea[readonly] {\\n\\","    background: #ddd;\\n\\","}\\n\\","</style>\\n\\","</head>\\n\\","<body>\\n\\","<!-- utility2-comment\\n\\","<div id=\"ajaxProgressDiv1\" style=\"background: #d00; height: 2px; left: 0; margin: 0; padding: 0; position: fixed; top: 0; transition: background 0.5s, width 1.5s; width: 25%;\"></div>\\n\\","utility2-comment -->\\n\\","<h1>\\n\\","<!-- utility2-comment\\n\\","    <a\\n\\","        {{#if env.npm_package_homepage}}\\n\\","        href=\"{{env.npm_package_homepage}}\"\\n\\","        {{/if env.npm_package_homepage}}\\n\\","        target=\"_blank\"\\n\\","    >\\n\\","utility2-comment -->\\n\\","        {{env.npm_package_name}} (v{{env.npm_package_version}})\\n\\","<!-- utility2-comment\\n\\","    </a>\\n\\","utility2-comment -->\\n\\","</h1>\\n\\","<h3>{{env.npm_package_description}}</h3>\\n\\","<!-- utility2-comment\\n\\","<h4><a download href=\"assets.app.js\">download standalone app</a></h4>\\n\\","<button class=\"onclick onreset\" id=\"testRunButton1\">run internal test</button><br>\\n\\","<div id=\"testReportDiv1\" style=\"display: none;\"></div>\\n\\","utility2-comment -->\\n\\","\\n\\","\\n\\","\\n\\","<label>stderr and stdout</label>\\n\\","<textarea class=\"resettable\" id=\"outputTextareaStdout1\" readonly></textarea>\\n\\","<!-- utility2-comment\\n\\","{{#if isRollup}}\\n\\","<script src=\"assets.app.js\"></script>\\n\\","{{#unless isRollup}}\\n\\","utility2-comment -->\\n\\","<script src=\"assets.utility2.rollup.js\"></script>\\n\\","<script src=\"jsonp.utility2._stateInit?callback=window.utility2._stateInit\"></script>\\n\\","<script src=\"assets.npmtest_angular_in_memory_web_api.rollup.js\"></script>\\n\\","<script src=\"assets.example.js\"></script>\\n\\","<script src=\"assets.test.js\"></script>\\n\\","<!-- utility2-comment\\n\\","{{/if isRollup}}\\n\\","utility2-comment -->\\n\\","<div class=\"utility2FooterDiv\">\\n\\","    [ this app was created with\\n\\","    <a href=\"https://github.com/kaizhu256/node-utility2\" target=\"_blank\">utility2</a>\\n\\","    ]\\n\\","</div>\\n\\","</body>\\n\\","</html>\\n\\","';","        /* jslint-ignore-end */","        if (local.templateRender) {","            local.assetsDict['/'] = local.templateRender(","                local.assetsDict['/assets.index.template.html'],","                {","                    env: local.objectSetDefault(local.env, {","                        npm_package_description: 'the greatest app in the world!',","                        npm_package_name: 'my-app',","                        npm_package_nameAlias: 'my_app',","                        npm_package_version: '0.0.1'","                    })","                }","            );","        } else {","            local.assetsDict['/'] = local.assetsDict['/assets.index.template.html']","                .replace((/\\{\\{env\\.(\\w+?)\\}\\}/g), function (match0, match1) {","                    // jslint-hack","                    String(match0);","                    switch (match1) {","                    case 'npm_package_description':","                        return 'the greatest app in the world!';","                    case 'npm_package_name':","                        return 'my-app';","                    case 'npm_package_nameAlias':","                        return 'my_app';","                    case 'npm_package_version':","                        return '0.0.1';","                    }","                });","        }","        // run the cli","        if (local.global.utility2_rollup || module !== require.main) {","            break;","        }","        local.assetsDict['/assets.example.js'] =","            local.assetsDict['/assets.example.js'] ||","            local.fs.readFileSync(__filename, 'utf8');","        // bug-workaround - long $npm_package_buildCustomOrg","        /* jslint-ignore-begin */","        local.assetsDict['/assets.npmtest_angular_in_memory_web_api.rollup.js'] =","            local.assetsDict['/assets.npmtest_angular_in_memory_web_api.rollup.js'] ||","            local.fs.readFileSync(","                local.npmtest_angular_in_memory_web_api.__dirname + '/lib.npmtest_angular_in_memory_web_api.js',","                'utf8'","            ).replace((/^#!/), '//');","        /* jslint-ignore-end */","        local.assetsDict['/favicon.ico'] = local.assetsDict['/favicon.ico'] || '';","        // if $npm_config_timeout_exit exists,","        // then exit this process after $npm_config_timeout_exit ms","        if (Number(process.env.npm_config_timeout_exit)) {","            setTimeout(process.exit, Number(process.env.npm_config_timeout_exit));","        }","        // start server","        if (local.global.utility2_serverHttp1) {","            break;","        }","        process.env.PORT = process.env.PORT || '8081';","        console.error('server starting on port ' + process.env.PORT);","        local.http.createServer(function (request, response) {","            request.urlParsed = local.url.parse(request.url);","            if (local.assetsDict[request.urlParsed.pathname] !== undefined) {","                response.end(local.assetsDict[request.urlParsed.pathname]);","                return;","            }","            response.statusCode = 404;","            response.end();","        }).listen(process.env.PORT);","        break;","    }","}());",""],"l":{"26":2,"28":2,"33":2,"35":2,"37":2,"38":2,"39":2,"44":1,"51":2,"55":2,"59":2,"61":2,"69":1,"70":2,"76":2,"79":2,"82":2,"83":2,"85":1,"89":2,"92":1,"93":1,"94":1,"96":1,"97":1,"100":1,"101":1,"103":1,"106":1,"108":2,"114":1,"116":1,"118":1,"123":1,"124":2,"125":2,"126":3,"127":3,"128":3,"129":3,"130":1,"133":3,"134":3,"139":3,"143":1,"144":3,"145":1,"149":1,"150":1,"158":1,"160":1,"161":1,"162":1,"164":1,"166":1,"258":1,"259":1,"271":1,"274":6,"275":6,"277":1,"279":2,"281":1,"283":2,"288":1,"289":1,"291":1,"296":1,"303":1,"306":1,"307":1,"310":1,"311":1,"313":1,"314":1,"315":1,"316":1,"317":1,"318":1,"319":1,"321":1,"322":1,"324":1}},"/home/travis/build/npmtest/node-npmtest-angular-in-memory-web-api/node_modules/angular-in-memory-web-api/bundles/in-memory-web-api.umd.js":{"path":"/home/travis/build/npmtest/node-npmtest-angular-in-memory-web-api/node_modules/angular-in-memory-web-api/bundles/in-memory-web-api.umd.js","s":{"1":2,"2":2,"3":0,"4":0,"5":1,"6":0,"7":1,"8":0,"9":0,"10":0,"11":1,"12":0,"13":0,"14":0,"15":0,"16":0,"17":0,"18":0,"19":0,"20":1,"21":0,"22":0,"23":1,"24":0,"25":1,"26":0,"27":0,"28":1,"29":0,"30":0,"31":0,"32":0,"33":0,"34":0,"35":0,"36":1,"37":0,"38":1,"39":0,"40":0,"41":0,"42":0,"43":0,"44":0,"45":1,"46":0,"47":0,"48":0,"49":0,"50":0,"51":0,"52":0,"53":0,"54":0,"55":0,"56":0,"57":0,"58":0,"59":0,"60":0,"61":0,"62":0,"63":0,"64":0,"65":0,"66":0,"67":0,"68":0,"69":0,"70":0,"71":0,"72":0,"73":0,"74":0,"75":0,"76":0,"77":0,"78":0,"79":0,"80":0,"81":0,"82":0,"83":0,"84":0,"85":0,"86":0,"87":0,"88":0,"89":0,"90":0,"91":0,"92":0,"93":0,"94":0,"95":0,"96":0,"97":0,"98":0,"99":0,"100":0,"101":0,"102":0,"103":0,"104":0,"105":0,"106":0,"107":0,"108":0,"109":0,"110":0,"111":0,"112":0,"113":0,"114":0,"115":0,"116":0,"117":0,"118":0,"119":0,"120":0,"121":0,"122":0,"123":0,"124":0,"125":0,"126":0,"127":0,"128":0,"129":0,"130":0,"131":0,"132":0,"133":0,"134":0,"135":0,"136":0,"137":0,"138":0,"139":0,"140":0,"141":0,"142":0,"143":0,"144":0,"145":0,"146":0,"147":0,"148":0,"149":0,"150":0,"151":0,"152":0,"153":0,"154":0,"155":0,"156":0,"157":0,"158":0,"159":0,"160":0,"161":0,"162":0,"163":0,"164":0,"165":0,"166":0,"167":0,"168":0,"169":0,"170":0,"171":0,"172":0,"173":0,"174":0,"175":0,"176":0,"177":0,"178":0,"179":0,"180":0,"181":0,"182":0,"183":0,"184":0,"185":0,"186":0,"187":0,"188":0,"189":0,"190":0,"191":0,"192":0,"193":0,"194":0,"195":0,"196":0,"197":0,"198":0,"199":0,"200":0,"201":0,"202":0,"203":0,"204":0,"205":0,"206":0,"207":0,"208":0,"209":0,"210":0,"211":0,"212":0,"213":0,"214":0,"215":0,"216":0,"217":0,"218":0,"219":0,"220":0,"221":0,"222":0,"223":0,"224":0,"225":0,"226":0,"227":0,"228":0,"229":0,"230":0,"231":0,"232":0,"233":0,"234":0,"235":0,"236":0,"237":0,"238":0,"239":0,"240":0,"241":0,"242":0,"243":0,"244":0,"245":0,"246":0,"247":0,"248":0,"249":0,"250":0,"251":0,"252":0,"253":0,"254":0,"255":0,"256":0,"257":0,"258":0,"259":0,"260":0,"261":0,"262":0,"263":0,"264":0,"265":0,"266":0,"267":0,"268":0,"269":0,"270":0,"271":0,"272":1,"273":0,"274":0,"275":0,"276":1,"277":0,"278":0,"279":0,"280":0,"281":0,"282":0,"283":0,"284":0,"285":0,"286":0,"287":0,"288":0,"289":0,"290":0,"291":0,"292":0,"293":0,"294":0,"295":0,"296":0,"297":0},"b":{"1":[2,0],"2":[2,2],"3":[0,0],"4":[0,0],"5":[0,0],"6":[0,0],"7":[0,0],"8":[0,0],"9":[0,0],"10":[0,0],"11":[0,0],"12":[0,0],"13":[0,0],"14":[0,0],"15":[0,0],"16":[0,0],"17":[0,0],"18":[0,0],"19":[0,0],"20":[0,0],"21":[0,0],"22":[0,0],"23":[0,0],"24":[0,0],"25":[0,0,0,0,0],"26":[0,0],"27":[0,0,0],"28":[0,0],"29":[0,0],"30":[0,0],"31":[0,0],"32":[0,0],"33":[0,0],"34":[0,0],"35":[0,0],"36":[0,0],"37":[0,0],"38":[0,0],"39":[0,0],"40":[0,0],"41":[0,0],"42":[0,0],"43":[0,0],"44":[0,0],"45":[0,0],"46":[0,0],"47":[0,0],"48":[0,0],"49":[0,0],"50":[0,0],"51":[0,0],"52":[0,0],"53":[0,0],"54":[0,0],"55":[0,0],"56":[0,0],"57":[0,0],"58":[0,0],"59":[0,0],"60":[0,0],"61":[0,0],"62":[0,0],"63":[0,0]},"f":{"1":2,"2":0,"3":0,"4":0,"5":0,"6":0,"7":0,"8":0,"9":0,"10":0,"11":0,"12":0,"13":0,"14":0,"15":0,"16":0,"17":0,"18":0,"19":0,"20":0,"21":0,"22":0,"23":0,"24":0,"25":0,"26":0,"27":0,"28":0,"29":0,"30":0,"31":0,"32":0,"33":0,"34":0,"35":0,"36":0,"37":0,"38":0,"39":0,"40":0,"41":0,"42":0,"43":0,"44":0,"45":0,"46":0,"47":0,"48":0,"49":0,"50":0,"51":0,"52":0,"53":0,"54":0},"fnMap":{"1":{"name":"(anonymous_1)","line":1,"loc":{"start":{"line":1,"column":1},"end":{"line":1,"column":28}}},"2":{"name":"(anonymous_2)","line":5,"loc":{"start":{"line":5,"column":9},"end":{"line":5,"column":96}}},"3":{"name":"createErrorResponse","line":465,"loc":{"start":{"line":465,"column":0},"end":{"line":465,"column":51}}},"4":{"name":"createObservableResponse","line":476,"loc":{"start":{"line":476,"column":0},"end":{"line":476,"column":51}}},"5":{"name":"(anonymous_5)","line":477,"loc":{"start":{"line":477,"column":42},"end":{"line":477,"column":70}}},"6":{"name":"(anonymous_6)","line":479,"loc":{"start":{"line":479,"column":15},"end":{"line":479,"column":27}}},"7":{"name":"emitResponse","line":487,"loc":{"start":{"line":487,"column":0},"end":{"line":487,"column":57}}},"8":{"name":"(anonymous_8)","line":509,"loc":{"start":{"line":509,"column":25},"end":{"line":509,"column":37}}},"9":{"name":"InMemoryDbService","line":510,"loc":{"start":{"line":510,"column":4},"end":{"line":510,"column":33}}},"10":{"name":"(anonymous_10)","line":517,"loc":{"start":{"line":517,"column":33},"end":{"line":517,"column":45}}},"11":{"name":"InMemoryBackendConfigArgs","line":518,"loc":{"start":{"line":518,"column":4},"end":{"line":518,"column":41}}},"12":{"name":"removeTrailingSlash","line":522,"loc":{"start":{"line":522,"column":0},"end":{"line":522,"column":35}}},"13":{"name":"(anonymous_13)","line":534,"loc":{"start":{"line":534,"column":29},"end":{"line":534,"column":41}}},"14":{"name":"InMemoryBackendConfig","line":535,"loc":{"start":{"line":535,"column":4},"end":{"line":535,"column":43}}},"15":{"name":"(anonymous_15)","line":555,"loc":{"start":{"line":555,"column":43},"end":{"line":555,"column":55}}},"16":{"name":"isSuccess","line":563,"loc":{"start":{"line":563,"column":0},"end":{"line":563,"column":27}}},"17":{"name":"setStatusText","line":568,"loc":{"start":{"line":568,"column":0},"end":{"line":568,"column":32}}},"18":{"name":"(anonymous_18)","line":609,"loc":{"start":{"line":609,"column":30},"end":{"line":609,"column":42}}},"19":{"name":"InMemoryBackendService","line":610,"loc":{"start":{"line":610,"column":4},"end":{"line":610,"column":70}}},"20":{"name":"(anonymous_20)","line":621,"loc":{"start":{"line":621,"column":56},"end":{"line":621,"column":71}}},"21":{"name":"(anonymous_21)","line":661,"loc":{"start":{"line":661,"column":53},"end":{"line":661,"column":68}}},"22":{"name":"(anonymous_22)","line":714,"loc":{"start":{"line":714,"column":48},"end":{"line":714,"column":68}}},"23":{"name":"(anonymous_23)","line":723,"loc":{"start":{"line":723,"column":50},"end":{"line":723,"column":79}}},"24":{"name":"(anonymous_24)","line":727,"loc":{"start":{"line":727,"column":32},"end":{"line":727,"column":55}}},"25":{"name":"(anonymous_25)","line":728,"loc":{"start":{"line":728,"column":26},"end":{"line":728,"column":39}}},"26":{"name":"(anonymous_26)","line":735,"loc":{"start":{"line":735,"column":33},"end":{"line":735,"column":48}}},"27":{"name":"(anonymous_27)","line":746,"loc":{"start":{"line":746,"column":45},"end":{"line":746,"column":61}}},"28":{"name":"(anonymous_28)","line":749,"loc":{"start":{"line":749,"column":57},"end":{"line":749,"column":76}}},"29":{"name":"(anonymous_29)","line":752,"loc":{"start":{"line":752,"column":46},"end":{"line":752,"column":74}}},"30":{"name":"(anonymous_30)","line":776,"loc":{"start":{"line":776,"column":19},"end":{"line":776,"column":31}}},"31":{"name":"(anonymous_31)","line":794,"loc":{"start":{"line":794,"column":48},"end":{"line":794,"column":67}}},"32":{"name":"(anonymous_32)","line":823,"loc":{"start":{"line":823,"column":46},"end":{"line":823,"column":60}}},"33":{"name":"(anonymous_33)","line":834,"loc":{"start":{"line":834,"column":48},"end":{"line":834,"column":74}}},"34":{"name":"(anonymous_34)","line":835,"loc":{"start":{"line":835,"column":31},"end":{"line":835,"column":47}}},"35":{"name":"(anonymous_35)","line":837,"loc":{"start":{"line":837,"column":45},"end":{"line":837,"column":67}}},"36":{"name":"(anonymous_36)","line":840,"loc":{"start":{"line":840,"column":26},"end":{"line":840,"column":48}}},"37":{"name":"(anonymous_37)","line":845,"loc":{"start":{"line":845,"column":43},"end":{"line":845,"column":57}}},"38":{"name":"(anonymous_38)","line":863,"loc":{"start":{"line":863,"column":51},"end":{"line":863,"column":67}}},"39":{"name":"(anonymous_39)","line":883,"loc":{"start":{"line":883,"column":48},"end":{"line":883,"column":63}}},"40":{"name":"(anonymous_40)","line":896,"loc":{"start":{"line":896,"column":47},"end":{"line":896,"column":73}}},"41":{"name":"(anonymous_41)","line":897,"loc":{"start":{"line":897,"column":36},"end":{"line":897,"column":52}}},"42":{"name":"(anonymous_42)","line":901,"loc":{"start":{"line":901,"column":47},"end":{"line":901,"column":73}}},"43":{"name":"(anonymous_43)","line":930,"loc":{"start":{"line":930,"column":48},"end":{"line":930,"column":63}}},"44":{"name":"(anonymous_44)","line":976,"loc":{"start":{"line":976,"column":44},"end":{"line":976,"column":58}}},"45":{"name":"(anonymous_45)","line":1001,"loc":{"start":{"line":1001,"column":43},"end":{"line":1001,"column":57}}},"46":{"name":"(anonymous_46)","line":1026,"loc":{"start":{"line":1026,"column":50},"end":{"line":1026,"column":76}}},"47":{"name":"(anonymous_47)","line":1037,"loc":{"start":{"line":1037,"column":47},"end":{"line":1037,"column":59}}},"48":{"name":"(anonymous_48)","line":1040,"loc":{"start":{"line":1040,"column":58},"end":{"line":1040,"column":70}}},"49":{"name":"(anonymous_49)","line":1060,"loc":{"start":{"line":1060,"column":44},"end":{"line":1060,"column":56}}},"50":{"name":"inMemoryBackendServiceFactory","line":1069,"loc":{"start":{"line":1069,"column":0},"end":{"line":1069,"column":69}}},"51":{"name":"(anonymous_51)","line":1073,"loc":{"start":{"line":1073,"column":28},"end":{"line":1073,"column":40}}},"52":{"name":"InMemoryWebApiModule","line":1074,"loc":{"start":{"line":1074,"column":4},"end":{"line":1074,"column":36}}},"53":{"name":"(anonymous_53)","line":1087,"loc":{"start":{"line":1087,"column":35},"end":{"line":1087,"column":65}}},"54":{"name":"(anonymous_54)","line":1106,"loc":{"start":{"line":1106,"column":42},"end":{"line":1106,"column":54}}}},"statementMap":{"1":{"start":{"line":1,"column":0},"end":{"line":1127,"column":5}},"2":{"start":{"line":2,"column":4},"end":{"line":4,"column":154}},"3":{"start":{"line":7,"column":0},"end":{"line":64,"column":2}},"4":{"start":{"line":66,"column":0},"end":{"line":459,"column":2}},"5":{"start":{"line":465,"column":0},"end":{"line":472,"column":1}},"6":{"start":{"line":466,"column":4},"end":{"line":471,"column":7}},"7":{"start":{"line":476,"column":0},"end":{"line":481,"column":1}},"8":{"start":{"line":477,"column":4},"end":{"line":480,"column":7}},"9":{"start":{"line":478,"column":8},"end":{"line":478,"column":56}},"10":{"start":{"line":479,"column":8},"end":{"line":479,"column":31}},"11":{"start":{"line":487,"column":0},"end":{"line":498,"column":1}},"12":{"start":{"line":488,"column":4},"end":{"line":488,"column":47}},"13":{"start":{"line":489,"column":4},"end":{"line":489,"column":43}},"14":{"start":{"line":490,"column":4},"end":{"line":490,"column":53}},"15":{"start":{"line":491,"column":4},"end":{"line":497,"column":5}},"16":{"start":{"line":492,"column":8},"end":{"line":492,"column":35}},"17":{"start":{"line":493,"column":8},"end":{"line":493,"column":36}},"18":{"start":{"line":496,"column":8},"end":{"line":496,"column":36}},"19":{"start":{"line":509,"column":0},"end":{"line":513,"column":5}},"20":{"start":{"line":510,"column":4},"end":{"line":511,"column":5}},"21":{"start":{"line":512,"column":4},"end":{"line":512,"column":29}},"22":{"start":{"line":517,"column":0},"end":{"line":521,"column":5}},"23":{"start":{"line":518,"column":4},"end":{"line":519,"column":5}},"24":{"start":{"line":520,"column":4},"end":{"line":520,"column":37}},"25":{"start":{"line":522,"column":0},"end":{"line":524,"column":1}},"26":{"start":{"line":523,"column":4},"end":{"line":523,"column":35}},"27":{"start":{"line":534,"column":0},"end":{"line":559,"column":5}},"28":{"start":{"line":535,"column":4},"end":{"line":550,"column":5}},"29":{"start":{"line":536,"column":8},"end":{"line":536,"column":47}},"30":{"start":{"line":536,"column":33},"end":{"line":536,"column":45}},"31":{"start":{"line":537,"column":8},"end":{"line":549,"column":19}},"32":{"start":{"line":551,"column":4},"end":{"line":553,"column":6}},"33":{"start":{"line":555,"column":4},"end":{"line":557,"column":9}},"34":{"start":{"line":555,"column":57},"end":{"line":557,"column":6}},"35":{"start":{"line":558,"column":4},"end":{"line":558,"column":33}},"36":{"start":{"line":563,"column":0},"end":{"line":563,"column":68}},"37":{"start":{"line":563,"column":29},"end":{"line":563,"column":66}},"38":{"start":{"line":568,"column":0},"end":{"line":580,"column":1}},"39":{"start":{"line":569,"column":4},"end":{"line":579,"column":5}},"40":{"start":{"line":570,"column":8},"end":{"line":570,"column":58}},"41":{"start":{"line":571,"column":8},"end":{"line":571,"column":80}},"42":{"start":{"line":572,"column":8},"end":{"line":572,"column":23}},"43":{"start":{"line":575,"column":8},"end":{"line":578,"column":11}},"44":{"start":{"line":609,"column":0},"end":{"line":1066,"column":5}},"45":{"start":{"line":610,"column":4},"end":{"line":620,"column":5}},"46":{"start":{"line":611,"column":8},"end":{"line":611,"column":33}},"47":{"start":{"line":612,"column":8},"end":{"line":612,"column":45}},"48":{"start":{"line":613,"column":8},"end":{"line":613,"column":50}},"49":{"start":{"line":614,"column":8},"end":{"line":614,"column":23}},"50":{"start":{"line":615,"column":8},"end":{"line":615,"column":40}},"51":{"start":{"line":616,"column":8},"end":{"line":616,"column":36}},"52":{"start":{"line":617,"column":8},"end":{"line":617,"column":44}},"53":{"start":{"line":618,"column":8},"end":{"line":618,"column":49}},"54":{"start":{"line":619,"column":8},"end":{"line":619,"column":34}},"55":{"start":{"line":621,"column":4},"end":{"line":636,"column":6}},"56":{"start":{"line":622,"column":8},"end":{"line":622,"column":21}},"57":{"start":{"line":623,"column":8},"end":{"line":630,"column":9}},"58":{"start":{"line":624,"column":12},"end":{"line":624,"column":47}},"59":{"start":{"line":627,"column":12},"end":{"line":627,"column":45}},"60":{"start":{"line":628,"column":12},"end":{"line":628,"column":91}},"61":{"start":{"line":629,"column":12},"end":{"line":629,"column":77}},"62":{"start":{"line":631,"column":8},"end":{"line":635,"column":10}},"63":{"start":{"line":661,"column":4},"end":{"line":710,"column":6}},"64":{"start":{"line":662,"column":8},"end":{"line":666,"column":35}},"65":{"start":{"line":667,"column":8},"end":{"line":667,"column":143}},"66":{"start":{"line":668,"column":8},"end":{"line":668,"column":49}},"67":{"start":{"line":669,"column":8},"end":{"line":678,"column":10}},"68":{"start":{"line":679,"column":8},"end":{"line":679,"column":87}},"69":{"start":{"line":680,"column":8},"end":{"line":680,"column":23}},"70":{"start":{"line":681,"column":8},"end":{"line":709,"column":9}},"71":{"start":{"line":682,"column":12},"end":{"line":682,"column":42}},"72":{"start":{"line":684,"column":13},"end":{"line":709,"column":9}},"73":{"start":{"line":687,"column":12},"end":{"line":692,"column":14}},"74":{"start":{"line":693,"column":12},"end":{"line":693,"column":90}},"75":{"start":{"line":694,"column":12},"end":{"line":694,"column":54}},"76":{"start":{"line":696,"column":13},"end":{"line":709,"column":9}},"77":{"start":{"line":698,"column":12},"end":{"line":698,"column":66}},"78":{"start":{"line":700,"column":13},"end":{"line":709,"column":9}},"79":{"start":{"line":703,"column":12},"end":{"line":703,"column":71}},"80":{"start":{"line":707,"column":12},"end":{"line":707,"column":117}},"81":{"start":{"line":708,"column":12},"end":{"line":708,"column":76}},"82":{"start":{"line":714,"column":4},"end":{"line":717,"column":6}},"83":{"start":{"line":715,"column":8},"end":{"line":715,"column":38}},"84":{"start":{"line":716,"column":8},"end":{"line":716,"column":69}},"85":{"start":{"line":723,"column":4},"end":{"line":745,"column":6}},"86":{"start":{"line":725,"column":8},"end":{"line":725,"column":28}},"87":{"start":{"line":726,"column":8},"end":{"line":726,"column":78}},"88":{"start":{"line":727,"column":8},"end":{"line":729,"column":11}},"89":{"start":{"line":728,"column":12},"end":{"line":728,"column":129}},"90":{"start":{"line":728,"column":41},"end":{"line":728,"column":125}},"91":{"start":{"line":730,"column":8},"end":{"line":730,"column":36}},"92":{"start":{"line":731,"column":8},"end":{"line":733,"column":9}},"93":{"start":{"line":732,"column":12},"end":{"line":732,"column":30}},"94":{"start":{"line":735,"column":8},"end":{"line":744,"column":11}},"95":{"start":{"line":736,"column":12},"end":{"line":736,"column":26}},"96":{"start":{"line":737,"column":12},"end":{"line":737,"column":24}},"97":{"start":{"line":738,"column":12},"end":{"line":742,"column":13}},"98":{"start":{"line":739,"column":16},"end":{"line":739,"column":23}},"99":{"start":{"line":740,"column":16},"end":{"line":740,"column":41}},"100":{"start":{"line":741,"column":16},"end":{"line":741,"column":50}},"101":{"start":{"line":743,"column":12},"end":{"line":743,"column":22}},"102":{"start":{"line":746,"column":4},"end":{"line":748,"column":6}},"103":{"start":{"line":747,"column":8},"end":{"line":747,"column":48}},"104":{"start":{"line":749,"column":4},"end":{"line":778,"column":6}},"105":{"start":{"line":750,"column":8},"end":{"line":750,"column":25}},"106":{"start":{"line":751,"column":8},"end":{"line":751,"column":30}},"107":{"start":{"line":752,"column":8},"end":{"line":777,"column":11}},"108":{"start":{"line":753,"column":12},"end":{"line":753,"column":27}},"109":{"start":{"line":754,"column":12},"end":{"line":770,"column":13}},"110":{"start":{"line":756,"column":20},"end":{"line":756,"column":52}},"111":{"start":{"line":757,"column":20},"end":{"line":757,"column":26}},"112":{"start":{"line":759,"column":20},"end":{"line":759,"column":53}},"113":{"start":{"line":760,"column":20},"end":{"line":760,"column":26}},"114":{"start":{"line":762,"column":20},"end":{"line":762,"column":52}},"115":{"start":{"line":763,"column":20},"end":{"line":763,"column":26}},"116":{"start":{"line":765,"column":20},"end":{"line":765,"column":55}},"117":{"start":{"line":766,"column":20},"end":{"line":766,"column":26}},"118":{"start":{"line":768,"column":20},"end":{"line":768,"column":107}},"119":{"start":{"line":769,"column":20},"end":{"line":769,"column":26}},"120":{"start":{"line":772,"column":12},"end":{"line":774,"column":13}},"121":{"start":{"line":773,"column":16},"end":{"line":773,"column":94}},"122":{"start":{"line":775,"column":12},"end":{"line":775,"column":68}},"123":{"start":{"line":776,"column":12},"end":{"line":776,"column":35}},"124":{"start":{"line":794,"column":4},"end":{"line":822,"column":6}},"125":{"start":{"line":795,"column":8},"end":{"line":795,"column":59}},"126":{"start":{"line":796,"column":8},"end":{"line":796,"column":40}},"127":{"start":{"line":797,"column":8},"end":{"line":797,"column":23}},"128":{"start":{"line":798,"column":8},"end":{"line":820,"column":9}},"129":{"start":{"line":800,"column":16},"end":{"line":800,"column":31}},"130":{"start":{"line":801,"column":16},"end":{"line":801,"column":86}},"131":{"start":{"line":802,"column":16},"end":{"line":802,"column":22}},"132":{"start":{"line":804,"column":16},"end":{"line":816,"column":17}},"133":{"start":{"line":805,"column":20},"end":{"line":808,"column":23}},"134":{"start":{"line":812,"column":20},"end":{"line":812,"column":70}},"135":{"start":{"line":813,"column":20},"end":{"line":813,"column":53}},"136":{"start":{"line":814,"column":20},"end":{"line":814,"column":46}},"137":{"start":{"line":815,"column":20},"end":{"line":815,"column":98}},"138":{"start":{"line":817,"column":16},"end":{"line":817,"column":22}},"139":{"start":{"line":819,"column":16},"end":{"line":819,"column":131}},"140":{"start":{"line":821,"column":8},"end":{"line":821,"column":65}},"141":{"start":{"line":823,"column":4},"end":{"line":833,"column":6}},"142":{"start":{"line":824,"column":8},"end":{"line":824,"column":123}},"143":{"start":{"line":825,"column":8},"end":{"line":827,"column":9}},"144":{"start":{"line":826,"column":12},"end":{"line":826,"column":103}},"145":{"start":{"line":828,"column":8},"end":{"line":828,"column":53}},"146":{"start":{"line":829,"column":8},"end":{"line":832,"column":11}},"147":{"start":{"line":834,"column":4},"end":{"line":836,"column":6}},"148":{"start":{"line":835,"column":8},"end":{"line":835,"column":75}},"149":{"start":{"line":835,"column":49},"end":{"line":835,"column":71}},"150":{"start":{"line":837,"column":4},"end":{"line":844,"column":6}},"151":{"start":{"line":839,"column":8},"end":{"line":839,"column":22}},"152":{"start":{"line":840,"column":8},"end":{"line":842,"column":22}},"153":{"start":{"line":841,"column":12},"end":{"line":841,"column":83}},"154":{"start":{"line":843,"column":8},"end":{"line":843,"column":25}},"155":{"start":{"line":845,"column":4},"end":{"line":862,"column":6}},"156":{"start":{"line":846,"column":8},"end":{"line":846,"column":141}},"157":{"start":{"line":847,"column":8},"end":{"line":847,"column":30}},"158":{"start":{"line":848,"column":8},"end":{"line":853,"column":9}},"159":{"start":{"line":849,"column":12},"end":{"line":849,"column":49}},"160":{"start":{"line":851,"column":13},"end":{"line":853,"column":9}},"161":{"start":{"line":852,"column":12},"end":{"line":852,"column":54}},"162":{"start":{"line":854,"column":8},"end":{"line":856,"column":9}},"163":{"start":{"line":855,"column":12},"end":{"line":855,"column":121}},"164":{"start":{"line":857,"column":8},"end":{"line":861,"column":11}},"165":{"start":{"line":863,"column":4},"end":{"line":880,"column":6}},"166":{"start":{"line":864,"column":8},"end":{"line":870,"column":9}},"167":{"start":{"line":866,"column":12},"end":{"line":866,"column":79}},"168":{"start":{"line":868,"column":12},"end":{"line":868,"column":94}},"169":{"start":{"line":869,"column":12},"end":{"line":869,"column":74}},"170":{"start":{"line":871,"column":8},"end":{"line":871,"column":38}},"171":{"start":{"line":872,"column":8},"end":{"line":878,"column":10}},"172":{"start":{"line":879,"column":8},"end":{"line":879,"column":19}},"173":{"start":{"line":883,"column":4},"end":{"line":895,"column":6}},"174":{"start":{"line":885,"column":8},"end":{"line":885,"column":219}},"175":{"start":{"line":886,"column":8},"end":{"line":887,"column":72}},"176":{"start":{"line":888,"column":8},"end":{"line":888,"column":36}},"177":{"start":{"line":889,"column":8},"end":{"line":889,"column":21}},"178":{"start":{"line":890,"column":8},"end":{"line":890,"column":19}},"179":{"start":{"line":891,"column":8},"end":{"line":893,"column":9}},"180":{"start":{"line":892,"column":12},"end":{"line":892,"column":37}},"181":{"start":{"line":894,"column":8},"end":{"line":894,"column":19}},"182":{"start":{"line":896,"column":4},"end":{"line":898,"column":6}},"183":{"start":{"line":897,"column":8},"end":{"line":897,"column":80}},"184":{"start":{"line":897,"column":54},"end":{"line":897,"column":76}},"185":{"start":{"line":901,"column":4},"end":{"line":912,"column":6}},"186":{"start":{"line":903,"column":8},"end":{"line":905,"column":9}},"187":{"start":{"line":904,"column":12},"end":{"line":904,"column":29}},"188":{"start":{"line":906,"column":8},"end":{"line":906,"column":79}},"189":{"start":{"line":907,"column":8},"end":{"line":910,"column":9}},"190":{"start":{"line":908,"column":12},"end":{"line":908,"column":39}},"191":{"start":{"line":909,"column":12},"end":{"line":909,"column":45}},"192":{"start":{"line":911,"column":8},"end":{"line":911,"column":18}},"193":{"start":{"line":930,"column":4},"end":{"line":975,"column":6}},"194":{"start":{"line":931,"column":8},"end":{"line":974,"column":9}},"195":{"start":{"line":932,"column":12},"end":{"line":932,"column":44}},"196":{"start":{"line":933,"column":12},"end":{"line":933,"column":51}},"197":{"start":{"line":934,"column":12},"end":{"line":934,"column":29}},"198":{"start":{"line":935,"column":12},"end":{"line":940,"column":13}},"199":{"start":{"line":938,"column":16},"end":{"line":938,"column":25}},"200":{"start":{"line":939,"column":16},"end":{"line":939,"column":63}},"201":{"start":{"line":941,"column":12},"end":{"line":941,"column":52}},"202":{"start":{"line":942,"column":12},"end":{"line":942,"column":47}},"203":{"start":{"line":943,"column":12},"end":{"line":943,"column":30}},"204":{"start":{"line":948,"column":12},"end":{"line":948,"column":33}},"205":{"start":{"line":950,"column":12},"end":{"line":961,"column":13}},"206":{"start":{"line":951,"column":16},"end":{"line":951,"column":52}},"207":{"start":{"line":954,"column":16},"end":{"line":954,"column":74}},"208":{"start":{"line":955,"column":16},"end":{"line":960,"column":17}},"209":{"start":{"line":956,"column":20},"end":{"line":956,"column":58}},"210":{"start":{"line":959,"column":20},"end":{"line":959,"column":34}},"211":{"start":{"line":962,"column":12},"end":{"line":962,"column":36}},"212":{"start":{"line":963,"column":12},"end":{"line":963,"column":59}},"213":{"start":{"line":965,"column":12},"end":{"line":965,"column":76}},"214":{"start":{"line":966,"column":12},"end":{"line":966,"column":47}},"215":{"start":{"line":967,"column":12},"end":{"line":967,"column":94}},"216":{"start":{"line":968,"column":12},"end":{"line":968,"column":71}},"217":{"start":{"line":969,"column":12},"end":{"line":969,"column":117}},"218":{"start":{"line":972,"column":12},"end":{"line":972,"column":90}},"219":{"start":{"line":973,"column":12},"end":{"line":973,"column":33}},"220":{"start":{"line":976,"column":4},"end":{"line":1000,"column":6}},"221":{"start":{"line":977,"column":8},"end":{"line":977,"column":117}},"222":{"start":{"line":978,"column":8},"end":{"line":978,"column":42}},"223":{"start":{"line":980,"column":8},"end":{"line":982,"column":9}},"224":{"start":{"line":981,"column":12},"end":{"line":981,"column":51}},"225":{"start":{"line":985,"column":8},"end":{"line":985,"column":21}},"226":{"start":{"line":986,"column":8},"end":{"line":986,"column":54}},"227":{"start":{"line":987,"column":8},"end":{"line":987,"column":46}},"228":{"start":{"line":988,"column":8},"end":{"line":999,"column":9}},"229":{"start":{"line":989,"column":12},"end":{"line":989,"column":42}},"230":{"start":{"line":990,"column":12},"end":{"line":992,"column":68}},"231":{"start":{"line":993,"column":12},"end":{"line":993,"column":58}},"232":{"start":{"line":996,"column":12},"end":{"line":996,"column":34}},"233":{"start":{"line":997,"column":12},"end":{"line":997,"column":60}},"234":{"start":{"line":998,"column":12},"end":{"line":998,"column":111}},"235":{"start":{"line":1001,"column":4},"end":{"line":1025,"column":6}},"236":{"start":{"line":1002,"column":8},"end":{"line":1002,"column":123}},"237":{"start":{"line":1003,"column":8},"end":{"line":1003,"column":42}},"238":{"start":{"line":1005,"column":8},"end":{"line":1007,"column":9}},"239":{"start":{"line":1006,"column":12},"end":{"line":1006,"column":101}},"240":{"start":{"line":1009,"column":8},"end":{"line":1011,"column":9}},"241":{"start":{"line":1010,"column":12},"end":{"line":1010,"column":120}},"242":{"start":{"line":1012,"column":8},"end":{"line":1012,"column":54}},"243":{"start":{"line":1013,"column":8},"end":{"line":1013,"column":46}},"244":{"start":{"line":1014,"column":8},"end":{"line":1024,"column":9}},"245":{"start":{"line":1015,"column":12},"end":{"line":1015,"column":42}},"246":{"start":{"line":1016,"column":12},"end":{"line":1018,"column":68}},"247":{"start":{"line":1019,"column":12},"end":{"line":1019,"column":58}},"248":{"start":{"line":1022,"column":12},"end":{"line":1022,"column":34}},"249":{"start":{"line":1023,"column":12},"end":{"line":1023,"column":111}},"250":{"start":{"line":1026,"column":4},"end":{"line":1033,"column":6}},"251":{"start":{"line":1027,"column":8},"end":{"line":1027,"column":46}},"252":{"start":{"line":1028,"column":8},"end":{"line":1031,"column":9}},"253":{"start":{"line":1029,"column":12},"end":{"line":1029,"column":37}},"254":{"start":{"line":1030,"column":12},"end":{"line":1030,"column":24}},"255":{"start":{"line":1032,"column":8},"end":{"line":1032,"column":21}},"256":{"start":{"line":1037,"column":4},"end":{"line":1039,"column":6}},"257":{"start":{"line":1038,"column":8},"end":{"line":1038,"column":49}},"258":{"start":{"line":1040,"column":4},"end":{"line":1055,"column":6}},"259":{"start":{"line":1041,"column":8},"end":{"line":1041,"column":41}},"260":{"start":{"line":1042,"column":8},"end":{"line":1054,"column":9}},"261":{"start":{"line":1043,"column":12},"end":{"line":1053,"column":13}},"262":{"start":{"line":1045,"column":16},"end":{"line":1045,"column":77}},"263":{"start":{"line":1046,"column":16},"end":{"line":1046,"column":91}},"264":{"start":{"line":1047,"column":16},"end":{"line":1047,"column":81}},"265":{"start":{"line":1048,"column":16},"end":{"line":1048,"column":115}},"266":{"start":{"line":1051,"column":16},"end":{"line":1051,"column":88}},"267":{"start":{"line":1052,"column":16},"end":{"line":1052,"column":25}},"268":{"start":{"line":1056,"column":4},"end":{"line":1058,"column":6}},"269":{"start":{"line":1060,"column":4},"end":{"line":1064,"column":9}},"270":{"start":{"line":1060,"column":58},"end":{"line":1064,"column":6}},"271":{"start":{"line":1065,"column":4},"end":{"line":1065,"column":34}},"272":{"start":{"line":1069,"column":0},"end":{"line":1072,"column":1}},"273":{"start":{"line":1070,"column":4},"end":{"line":1070,"column":75}},"274":{"start":{"line":1071,"column":4},"end":{"line":1071,"column":19}},"275":{"start":{"line":1073,"column":0},"end":{"line":1108,"column":5}},"276":{"start":{"line":1074,"column":4},"end":{"line":1075,"column":5}},"277":{"start":{"line":1087,"column":4},"end":{"line":1095,"column":6}},"278":{"start":{"line":1088,"column":8},"end":{"line":1094,"column":10}},"
[...]
,"                case _angular_http.RequestMethod.Put:","                    resOptions = _this.put(reqInfo);","                    break;","                case _angular_http.RequestMethod.Delete:","                    resOptions = _this.delete(reqInfo);","                    break;","                default:","                    resOptions = createErrorResponse(req, STATUS.METHOD_NOT_ALLOWED, 'Method not allowed');","                    break;","            }","            // If `inMemDbService.responseInterceptor` exists, let it morph the response options","            if (_this.inMemDbService['responseInterceptor']) {","                resOptions = _this.inMemDbService['responseInterceptor'](resOptions, reqInfo);","            }","            emitResponse(responseObserver, reqInfo.req, resOptions);","            return function () { }; // unsubscribe function","        });","    };","    /**","     * When the last segment of the `base` path is \"commands\", the `collectionName` is the command","     * Example URLs:","     *   commands/resetdb   // Reset the \"database\" to its original state","     *   commands/config (GET) // Return this service's config object","     *   commands/config (!GET) // Update the config (e.g. delay)","     *","     * Commands are \"hot\", meaning they are always executed immediately","     * whether or not someone subscribes to the returned observable","     *","     * Usage:","     *   http.post('commands/resetdb', undefined);","     *   http.get('commands/config');","     *   http.post('commands/config', '{\"delay\":1000}');","     */","    InMemoryBackendService.prototype.commands = function (reqInfo) {","        var command = reqInfo.collectionName.toLowerCase();","        var method = reqInfo.req.method;","        var resOptions;","        switch (command) {","            case 'resetdb':","                this.resetDb();","                resOptions = new _angular_http.ResponseOptions({ status: STATUS.OK });","                break;","            case 'config':","                if (method === _angular_http.RequestMethod.Get) {","                    resOptions = new _angular_http.ResponseOptions({","                        body: this.clone(this.config),","                        status: STATUS.OK","                    });","                }","                else {","                    // Be nice ... any other method is a config update","                    var body = JSON.parse(reqInfo.req.text() || '{}');","                    Object.assign(this.config, body);","                    this.setPassThruBackend();","                    resOptions = new _angular_http.ResponseOptions({ status: STATUS.NO_CONTENT });","                }","                break;","            default:","                resOptions = createErrorResponse(reqInfo.req, STATUS.INTERNAL_SERVER_ERROR, \"Unknown command \\\"\" + command + \"\\\"\");","        }","        return createObservableResponse(reqInfo.req, resOptions);","    };","    InMemoryBackendService.prototype.delete = function (_a) {","        var id = _a.id, collection = _a.collection, collectionName = _a.collectionName, headers = _a.headers, req = _a.req;","        if (!id) {","            return createErrorResponse(req, STATUS.NOT_FOUND, \"Missing \\\"\" + collectionName + \"\\\" id\");","        }","        var exists = this.removeById(collection, id);","        return new _angular_http.ResponseOptions({","            headers: headers,","            status: (exists || !this.config.delete404) ? STATUS.NO_CONTENT : STATUS.NOT_FOUND","        });","    };","    InMemoryBackendService.prototype.findById = function (collection, id) {","        return collection.find(function (item) { return item.id === id; });","    };","    InMemoryBackendService.prototype.genId = function (collection) {","        // assumes numeric ids","        var maxId = 0;","        collection.reduce(function (prev, item) {","            maxId = Math.max(maxId, typeof item.id === 'number' ? item.id : maxId);","        }, undefined);","        return maxId + 1;","    };","    InMemoryBackendService.prototype.get = function (_a) {","        var id = _a.id, query = _a.query, collection = _a.collection, collectionName = _a.collectionName, headers = _a.headers, req = _a.req;","        var data = collection;","        if (id) {","            data = this.findById(collection, id);","        }","        else if (query) {","            data = this.applyQuery(collection, query);","        }","        if (!data) {","            return createErrorResponse(req, STATUS.NOT_FOUND, \"'\" + collectionName + \"' with id='\" + id + \"' not found\");","        }","        return new _angular_http.ResponseOptions({","            body: { data: this.clone(data) },","            headers: headers,","            status: STATUS.OK","        });","    };","    InMemoryBackendService.prototype.getLocation = function (href) {","        if (!href.startsWith('http')) {","            // get the document iff running in browser","            var doc = (typeof document === 'undefined') ? undefined : document;","            // add host info to url before parsing.  Use a fake host when not in browser.","            var base = doc ? doc.location.protocol + '//' + doc.location.host : 'http://fake';","            href = href.startsWith('/') ? base + href : base + '/' + href;","        }","        var uri = this.parseuri(href);","        var loc = {","            host: uri.host,","            protocol: uri.protocol,","            port: uri.port,","            pathname: uri.path,","            search: uri.query ? '?' + uri.query : ''","        };","        return loc;","    };","    ","    // Adapted from parseuri package - http://blog.stevenlevithan.com/archives/parseuri","    InMemoryBackendService.prototype.parseuri = function (str) {","        // tslint:disable-next-line:max-line-length","        var URL_REGEX = /^(?:(?![^:@]+:[^:@\\/]*@)([^:\\/?#.]+):)?(?:\\/\\/)?((?:(([^:@]*)(?::([^:@]*))?)?@)?([^:\\/?#]*)(?::(\\d*))?)(((\\/(?:[^?#](?![^?#\\/]*\\.[^?#\\/.]+(?:[?#]|$)))*\\/?)?([^?#\\/]*))(?:\\?([^#]*))?(?:#(.*))?)/;","        var key = ['source', 'protocol', 'authority', 'userInfo', 'user', 'password', 'host', 'port',","            'relative', 'path', 'directory', 'file', 'query', 'anchor'];","        var m = URL_REGEX.exec(str);","        var uri = {};","        var i = 14;","        while (i--) {","            uri[key[i]] = m[i] || '';","        }","        return uri;","    };","    InMemoryBackendService.prototype.indexOf = function (collection, id) {","        return collection.findIndex(function (item) { return item.id === id; });","    };","    // tries to parse id as number if collection item.id is a number.","    // returns the original param id otherwise.","    InMemoryBackendService.prototype.parseId = function (collection, id) {","        // tslint:disable-next-line:triple-equals","        if (!collection || id == undefined) {","            return undefined;","        }","        var isNumberId = collection[0] && typeof collection[0].id === 'number';","        if (isNumberId) {","            var idNum = parseFloat(id);","            return isNaN(idNum) ? id : idNum;","        }","        return id;","    };","    /**","     * Parses the request URL into a `ParsedUrl` object.","     * Parsing depends upon certain values of `config`: `apiBase`, `host`, and `urlRoot`.","     *","     * Configuring the `apiBase` yields the most interesting changes to `parseUrl` behavior:","     *   When apiBase=undefined and url='http://localhost/api/collection/42'","     *     {base: 'api/', collectionName: 'collection', id: '42', ...}","     *   When apiBase='some/api/root/' and url='http://localhost/some/api/root/collection'","     *     {base: 'some/api/root/', collectionName: 'collection', id: undefined, ...}","     *   When apiBase='/' and url='http://localhost/collection'","     *     {base: '/', collectionName: 'collection', id: undefined, ...}","     *","     * The actual api base segment values are ignored. Only the number of segments matters.","     * The following api base strings are considered identical: 'a/b' ~ 'some/api/' ~ `two/segments'","     *","     * To replace this default method, assign your alternative to your InMemDbService['parseUrl']","     */","    InMemoryBackendService.prototype.parseUrl = function (url) {","        try {","            var loc = this.getLocation(url);","            var drop = this.config.rootPath.length;","            var urlRoot = '';","            if (loc.host !== this.config.host) {","                // url for a server on a different host!","                // assume it's collection is actually here too.","                drop = 1; // the leading slash","                urlRoot = loc.protocol + '//' + loc.host + '/';","            }","            var path = loc.pathname.substring(drop);","            var pathSegments = path.split('/');","            var segmentIx = 0;","            // apiBase: the front part of the path devoted to getting to the api route","            // Assumes first path segment if no config.apiBase","            // else ignores as many path segments as are in config.apiBase","            // Does NOT care what the api base chars actually are.","            var apiBase = void 0;","            // tslint:disable-next-line:triple-equals","            if (this.config.apiBase == undefined) {","                apiBase = pathSegments[segmentIx++];","            }","            else {","                apiBase = removeTrailingSlash(this.config.apiBase.trim());","                if (apiBase) {","                    segmentIx = apiBase.split('/').length;","                }","                else {","                    segmentIx = 0; // no api base at all; unwise but allowed.","                }","            }","            apiBase = apiBase + '/';","            var collectionName = pathSegments[segmentIx++];","            // ignore anything after a '.' (e.g.,the \"json\" in \"customers.json\")","            collectionName = collectionName && collectionName.split('.')[0];","            var id = pathSegments[segmentIx++];","            var query = loc.search && new _angular_http.URLSearchParams(loc.search.substr(1));","            var resourceUrl = urlRoot + apiBase + collectionName + '/';","            return { base: apiBase, collectionName: collectionName, id: id, query: query, resourceUrl: resourceUrl };","        }","        catch (err) {","            var msg = \"unable to parse url '\" + url + \"'; original error: \" + err.message;","            throw new Error(msg);","        }","    };","    InMemoryBackendService.prototype.post = function (_a) {","        var collection = _a.collection, headers = _a.headers, id = _a.id, req = _a.req, resourceUrl = _a.resourceUrl;","        var item = JSON.parse(req.text());","        // tslint:disable-next-line:triple-equals","        if (item.id == undefined) {","            item.id = id || this.genId(collection);","        }","        // ignore the request id, if any. Alternatively,","        // could reject request if id differs from item.id","        id = item.id;","        var existingIx = this.indexOf(collection, id);","        var body = { data: this.clone(item) };","        if (existingIx > -1) {","            collection[existingIx] = item;","            var res = this.config.post204 ?","                { headers: headers, status: STATUS.NO_CONTENT } :","                { headers: headers, body: body, status: STATUS.OK }; // successful; return entity","            return new _angular_http.ResponseOptions(res);","        }","        else {","            collection.push(item);","            headers.set('Location', resourceUrl + '/' + id);","            return new _angular_http.ResponseOptions({ headers: headers, body: body, status: STATUS.CREATED });","        }","    };","    InMemoryBackendService.prototype.put = function (_a) {","        var id = _a.id, collection = _a.collection, collectionName = _a.collectionName, headers = _a.headers, req = _a.req;","        var item = JSON.parse(req.text());","        // tslint:disable-next-line:triple-equals","        if (item.id == undefined) {","            return createErrorResponse(req, STATUS.NOT_FOUND, \"Missing '\" + collectionName + \"' id\");","        }","        // tslint:disable-next-line:triple-equals","        if (id != item.id) {","            return createErrorResponse(req, STATUS.BAD_REQUEST, \"\\\"\" + collectionName + \"\\\" id does not match item.id\");","        }","        var existingIx = this.indexOf(collection, id);","        var body = { data: this.clone(item) };","        if (existingIx > -1) {","            collection[existingIx] = item;","            var res = this.config.put204 ?","                { headers: headers, status: STATUS.NO_CONTENT } :","                { headers: headers, body: body, status: STATUS.OK }; // successful; return entity","            return new _angular_http.ResponseOptions(res);","        }","        else {","            collection.push(item);","            return new _angular_http.ResponseOptions({ headers: headers, body: body, status: STATUS.CREATED });","        }","    };","    InMemoryBackendService.prototype.removeById = function (collection, id) {","        var ix = this.indexOf(collection, id);","        if (ix > -1) {","            collection.splice(ix, 1);","            return true;","        }","        return false;","    };","    /**","     * Reset the \"database\" to its original state","     */","    InMemoryBackendService.prototype.resetDb = function () {","        this.db = this.inMemDbService.createDb();","    };","    InMemoryBackendService.prototype.setPassThruBackend = function () {","        this.passThruBackend = undefined;","        if (this.config.passThruUnknownUrl) {","            try {","                // copied from @angular/http/backends/xhr_backend","                var browserXhr = this.injector.get(_angular_http.BrowserXhr);","                var baseResponseOptions = this.injector.get(_angular_http.ResponseOptions);","                var xsrfStrategy = this.injector.get(_angular_http.XSRFStrategy);","                this.passThruBackend = new _angular_http.XHRBackend(browserXhr, baseResponseOptions, xsrfStrategy);","            }","            catch (ex) {","                ex.message = 'Cannot create passThru404 backend; ' + (ex.message || '');","                throw ex;","            }","        }","    };","    InMemoryBackendService.decorators = [","        { type: _angular_core.Injectable },","    ];","    /** @nocollapse */","    InMemoryBackendService.ctorParameters = function () { return [","        { type: _angular_core.Injector, },","        { type: InMemoryDbService, },","        { type: InMemoryBackendConfigArgs, decorators: [{ type: _angular_core.Inject, args: [InMemoryBackendConfig,] }, { type: _angular_core.Optional },] },","    ]; };","    return InMemoryBackendService;","}());","","// AoT requires factory to be exported","function inMemoryBackendServiceFactory(injector, dbService, options) {","    var backend = new InMemoryBackendService(injector, dbService, options);","    return backend;","}","var InMemoryWebApiModule = (function () {","    function InMemoryWebApiModule() {","    }","    /**","    *  Prepare in-memory-web-api in the root/boot application module","    *  with class that implements InMemoryDbService and creates an in-memory database.","    *","    * @param {Type} dbCreator - Class that creates seed data for in-memory database. Must implement InMemoryDbService.","    * @param {InMemoryBackendConfigArgs} [options]","    *","    * @example","    * InMemoryWebApiModule.forRoot(dbCreator);","    * InMemoryWebApiModule.forRoot(dbCreator, {useValue: {delay:600}});","    */","    InMemoryWebApiModule.forRoot = function (dbCreator, options) {","        return {","            ngModule: InMemoryWebApiModule,","            providers: [","                { provide: InMemoryDbService, useClass: dbCreator },","                { provide: InMemoryBackendConfig, useValue: options },","            ]","        };","    };","    InMemoryWebApiModule.decorators = [","        { type: _angular_core.NgModule, args: [{","                    // Must useFactory for AoT","                    // https://github.com/angular/angular/issues/11178","                    providers: [{ provide: _angular_http.XHRBackend,","                            useFactory: inMemoryBackendServiceFactory,","                            deps: [_angular_core.Injector, InMemoryDbService, InMemoryBackendConfig] }]","                },] },","    ];","    /** @nocollapse */","    InMemoryWebApiModule.ctorParameters = function () { return []; };","    return InMemoryWebApiModule;","}());","","exports.STATUS = STATUS;","exports.STATUS_CODE_INFO = STATUS_CODE_INFO;","exports.createErrorResponse = createErrorResponse;","exports.createObservableResponse = createObservableResponse;","exports.emitResponse = emitResponse;","exports.InMemoryDbService = InMemoryDbService;","exports.InMemoryBackendConfigArgs = InMemoryBackendConfigArgs;","exports.removeTrailingSlash = removeTrailingSlash;","exports.InMemoryBackendConfig = InMemoryBackendConfig;","exports.isSuccess = isSuccess;","exports.setStatusText = setStatusText;","exports.InMemoryBackendService = InMemoryBackendService;","exports.inMemoryBackendServiceFactory = inMemoryBackendServiceFactory;","exports.InMemoryWebApiModule = InMemoryWebApiModule;","","Object.defineProperty(exports, '__esModule', { value: true });","","})));",""],"l":{"1":2,"2":2,"7":0,"66":0,"465":1,"466":0,"476":1,"477":0,"478":0,"479":0,"487":1,"488":0,"489":0,"490":0,"491":0,"492":0,"493":0,"496":0,"509":0,"510":1,"512":0,"517":0,"518":1,"520":0,"522":1,"523":0,"534":0,"535":1,"536":0,"537":0,"551":0,"555":0,"558":0,"563":1,"568":1,"569":0,"570":0,"571":0,"572":0,"575":0,"609":0,"610":1,"611":0,"612":0,"613":0,"614":0,"615":0,"616":0,"617":0,"618":0,"619":0,"621":0,"622":0,"623":0,"624":0,"627":0,"628":0,"629":0,"631":0,"661":0,"662":0,"667":0,"668":0,"669":0,"679":0,"680":0,"681":0,"682":0,"684":0,"687":0,"693":0,"694":0,"696":0,"698":0,"700":0,"703":0,"707":0,"708":0,"714":0,"715":0,"716":0,"723":0,"725":0,"726":0,"727":0,"728":0,"730":0,"731":0,"732":0,"735":0,"736":0,"737":0,"738":0,"739":0,"740":0,"741":0,"743":0,"746":0,"747":0,"749":0,"750":0,"751":0,"752":0,"753":0,"754":0,"756":0,"757":0,"759":0,"760":0,"762":0,"763":0,"765":0,"766":0,"768":0,"769":0,"772":0,"773":0,"775":0,"776":0,"794":0,"795":0,"796":0,"797":0,"798":0,"800":0,"801":0,"802":0,"804":0,"805":0,"812":0,"813":0,"814":0,"815":0,"817":0,"819":0,"821":0,"823":0,"824":0,"825":0,"826":0,"828":0,"829":0,"834":0,"835":0,"837":0,"839":0,"840":0,"841":0,"843":0,"845":0,"846":0,"847":0,"848":0,"849":0,"851":0,"852":0,"854":0,"855":0,"857":0,"863":0,"864":0,"866":0,"868":0,"869":0,"871":0,"872":0,"879":0,"883":0,"885":0,"886":0,"888":0,"889":0,"890":0,"891":0,"892":0,"894":0,"896":0,"897":0,"901":0,"903":0,"904":0,"906":0,"907":0,"908":0,"909":0,"911":0,"930":0,"931":0,"932":0,"933":0,"934":0,"935":0,"938":0,"939":0,"941":0,"942":0,"943":0,"948":0,"950":0,"951":0,"954":0,"955":0,"956":0,"959":0,"962":0,"963":0,"965":0,"966":0,"967":0,"968":0,"969":0,"972":0,"973":0,"976":0,"977":0,"978":0,"980":0,"981":0,"985":0,"986":0,"987":0,"988":0,"989":0,"990":0,"993":0,"996":0,"997":0,"998":0,"1001":0,"1002":0,"1003":0,"1005":0,"1006":0,"1009":0,"1010":0,"1012":0,"1013":0,"1014":0,"1015":0,"1016":0,"1019":0,"1022":0,"1023":0,"1026":0,"1027":0,"1028":0,"1029":0,"1030":0,"1032":0,"1037":0,"1038":0,"1040":0,"1041":0,"1042":0,"1043":0,"1045":0,"1046":0,"1047":0,"1048":0,"1051":0,"1052":0,"1056":0,"1060":0,"1065":0,"1069":1,"1070":0,"1071":0,"1073":0,"1074":1,"1087":0,"1088":0,"1096":0,"1106":0,"1107":0,"1110":0,"1111":0,"1112":0,"1113":0,"1114":0,"1115":0,"1116":0,"1117":0,"1118":0,"1119":0,"1120":0,"1121":0,"1122":0,"1123":0,"1125":0}}}